#
# There is insufficient memory for the Java Runtime Environment to continue.
# Native memory allocation (malloc) failed to allocate 1681296 bytes for Chunk::new
# Possible reasons:
#   The system is out of physical RAM or swap space
#   In 32 bit mode, the process size limit was hit
# Possible solutions:
#   Reduce memory load on the system
#   Increase physical memory or swap space
#   Check if swap backing store is full
#   Use 64 bit Java on a 64 bit OS
#   Decrease Java heap size (-Xmx/-Xms)
#   Decrease number of Java threads
#   Decrease Java thread stack sizes (-Xss)
#   Set larger code cache with -XX:ReservedCodeCacheSize=
# This output file may be truncated or incomplete.
#
#  Out of Memory Error (allocation.cpp:390), pid=14236, tid=14876
#
# JRE version: Java(TM) SE Runtime Environment (8.0_45-b15) (build 1.8.0_45-b15)
# Java VM: Java HotSpot(TM) 64-Bit Server VM (25.45-b02 mixed mode windows-amd64 compressed oops)
# Failed to write core dump. Minidumps are not enabled by default on client versions of Windows
#

---------------  T H R E A D  ---------------

Current thread (0x0000000014dea000):  JavaThread "C2 CompilerThread0" daemon [_thread_in_native, id=14876, stack(0x0000000016310000,0x0000000016410000)]

Stack: [0x0000000016310000,0x0000000016410000]
Native frames: (J=compiled Java code, j=interpreted, Vv=VM code, C=native code)
V  [jvm.dll+0x32b57a]
V  [jvm.dll+0x279873]
V  [jvm.dll+0x27a509]
V  [jvm.dll+0x271825]
V  [jvm.dll+0xcb9e2]
V  [jvm.dll+0xcbeac]
V  [jvm.dll+0x476ef2]
V  [jvm.dll+0x4b955f]
V  [jvm.dll+0x46bc14]
V  [jvm.dll+0x46ccbe]
V  [jvm.dll+0x4500f2]
V  [jvm.dll+0xa4352]
V  [jvm.dll+0xa4c8f]
V  [jvm.dll+0x241984]
V  [jvm.dll+0x29853a]
C  [msvcr100.dll+0x21d9f]
C  [msvcr100.dll+0x21e3b]
C  [KERNEL32.DLL+0x12d92]
C  [ntdll.dll+0x9f64]


Current CompileTask:
C2:  51230 2398       4       com.android.dx.ssa.ConstCollector::updateConstUses (248 bytes)


---------------  P R O C E S S  ---------------

Java Threads: ( => current thread )
  0x00000000166aa800 JavaThread "pool-1-thread-4" [_thread_in_Java, id=14672, stack(0x0000000017010000,0x0000000017110000)]
  0x00000000166a9800 JavaThread "pool-1-thread-3" [_thread_blocked, id=10572, stack(0x0000000016f10000,0x0000000017010000)]
  0x00000000166a8000 JavaThread "pool-1-thread-2" [_thread_in_Java, id=15216, stack(0x0000000016e10000,0x0000000016f10000)]
  0x00000000166a2800 JavaThread "pool-2-thread-1" [_thread_blocked, id=9120, stack(0x0000000016d10000,0x0000000016e10000)]
  0x00000000166a1800 JavaThread "pool-1-thread-1" [_thread_in_vm, id=14708, stack(0x0000000016c10000,0x0000000016d10000)]
  0x0000000016470000 JavaThread "Service Thread" daemon [_thread_blocked, id=14440, stack(0x0000000016a10000,0x0000000016b10000)]
  0x0000000016466000 JavaThread "C1 CompilerThread2" daemon [_thread_blocked, id=9520, stack(0x0000000016910000,0x0000000016a10000)]
  0x0000000016463800 JavaThread "C2 CompilerThread1" daemon [_thread_in_native, id=15128, stack(0x0000000016810000,0x0000000016910000)]
=>0x0000000014dea000 JavaThread "C2 CompilerThread0" daemon [_thread_in_native, id=14876, stack(0x0000000016310000,0x0000000016410000)]
  0x0000000014d9e000 JavaThread "Attach Listener" daemon [_thread_blocked, id=13992, stack(0x0000000016210000,0x0000000016310000)]
  0x0000000014d9c800 JavaThread "Signal Dispatcher" daemon [_thread_blocked, id=14552, stack(0x0000000016110000,0x0000000016210000)]
  0x00000000026b0800 JavaThread "Finalizer" daemon [_thread_blocked, id=13856, stack(0x0000000016010000,0x0000000016110000)]
  0x00000000026ad800 JavaThread "Reference Handler" daemon [_thread_blocked, id=13348, stack(0x0000000015f10000,0x0000000016010000)]
  0x00000000024bd800 JavaThread "main" [_thread_in_native, id=11224, stack(0x00000000024c0000,0x00000000025c0000)]

Other Threads:
  0x0000000014d58800 VMThread [stack: 0x0000000015e10000,0x0000000015f10000] [id=5468]
  0x0000000016481000 WatcherThread [stack: 0x0000000016b10000,0x0000000016c10000] [id=14568]

VM state:not at safepoint (normal execution)

VM Mutex/Monitor currently owned by a thread: None

Heap:
 PSYoungGen      total 232960K, used 66275K [0x00000000eab00000, 0x0000000100000000, 0x0000000100000000)
  eden space 116736K, 38% used [0x00000000eab00000,0x00000000ed758c28,0x00000000f1d00000)
  from space 116224K, 17% used [0x00000000f8e80000,0x00000000fa2e0030,0x0000000100000000)
  to   space 116224K, 0% used [0x00000000f1d00000,0x00000000f1d00000,0x00000000f8e80000)
 ParOldGen       total 428544K, used 288267K [0x00000000c0000000, 0x00000000da280000, 0x00000000eab00000)
  object space 428544K, 67% used [0x00000000c0000000,0x00000000d1982f30,0x00000000da280000)
 Metaspace       used 6391K, capacity 7224K, committed 7296K, reserved 1056768K
  class space    used 606K, capacity 624K, committed 640K, reserved 1048576K

Card table byte_map: [0x0000000011a80000,0x0000000011c90000] byte_map_base: 0x0000000011480000

Marking Bits: (ParMarkBitMap*) 0x000000005c924040
 Begin Bits: [0x00000000121f0000, 0x00000000131f0000)
 End Bits:   [0x00000000131f0000, 0x00000000141f0000)

Polling page: 0x0000000002450000

CodeCache: size=245760Kb used=10067Kb max_used=10067Kb free=235692Kb
 bounds [0x00000000026c0000, 0x00000000030b0000, 0x00000000116c0000]
 total_blobs=2333 nmethods=2061 adapters=184
 compilation: enabled

Compilation events (10 events):
Event: 50.761 Thread 0x0000000016466000 2538       3       com.android.dx.rop.type.StdTypeList::getWordCount (33 bytes)
Event: 50.761 Thread 0x0000000016466000 nmethod 2538 0x000000000309ee10 code [0x000000000309efa0, 0x000000000309f5f8]
Event: 51.120 Thread 0x0000000016466000 2540       2       com.android.dx.cf.attrib.AttConstantValue::<init> (71 bytes)
Event: 51.120 Thread 0x0000000016466000 nmethod 2540 0x00000000030954d0 code [0x0000000003095660, 0x0000000003095a98]
Event: 51.139 Thread 0x0000000016466000 2541       2       com.android.dx.ssa.back.FirstFitLocalCombiningAllocator::adjustAndMapSourceRangeRange (196 bytes)
Event: 51.141 Thread 0x0000000016466000 nmethod 2541 0x000000000309d9d0 code [0x000000000309dc00, 0x000000000309e2a8]
Event: 51.151 Thread 0x0000000016466000 2542 %     3       java.util.HashMap$TreeNode::find @ 3 (172 bytes)
Event: 51.152 Thread 0x0000000016466000 nmethod 2542% 0x000000000309c890 code [0x000000000309ca80, 0x000000000309d638]
Event: 51.152 Thread 0x0000000016466000 2543       3       java.util.HashMap$TreeNode::find (172 bytes)
Event: 51.153 Thread 0x0000000016466000 nmethod 2543 0x000000000309b7d0 code [0x000000000309b9c0, 0x000000000309c4d8]

GC Heap History (10 events):
Event: 47.099 GC heap before
{Heap before GC invocations=29 (full 7):
 PSYoungGen      total 232960K, used 116736K [0x00000000eab00000, 0x0000000100000000, 0x0000000100000000)
  eden space 116736K, 100% used [0x00000000eab00000,0x00000000f1d00000,0x00000000f1d00000)
  from space 116224K, 0% used [0x00000000f1d00000,0x00000000f1d00000,0x00000000f8e80000)
  to   space 116224K, 0% used [0x00000000f8e80000,0x00000000f8e80000,0x0000000100000000)
 ParOldGen       total 428544K, used 207887K [0x00000000c0000000, 0x00000000da280000, 0x00000000eab00000)
  object space 428544K, 48% used [0x00000000c0000000,0x00000000ccb03ff0,0x00000000da280000)
 Metaspace       used 6352K, capacity 7160K, committed 7296K, reserved 1056768K
  class space    used 606K, capacity 624K, committed 640K, reserved 1048576K
Event: 47.239 GC heap after
Heap after GC invocations=29 (full 7):
 PSYoungGen      total 232960K, used 26804K [0x00000000eab00000, 0x0000000100000000, 0x0000000100000000)
  eden space 116736K, 0% used [0x00000000eab00000,0x00000000eab00000,0x00000000f1d00000)
  from space 116224K, 23% used [0x00000000f8e80000,0x00000000fa8ad350,0x0000000100000000)
  to   space 116224K, 0% used [0x00000000f1d00000,0x00000000f1d00000,0x00000000f8e80000)
 ParOldGen       total 428544K, used 207895K [0x00000000c0000000, 0x00000000da280000, 0x00000000eab00000)
  object space 428544K, 48% used [0x00000000c0000000,0x00000000ccb05ff0,0x00000000da280000)
 Metaspace       used 6352K, capacity 7160K, committed 7296K, reserved 1056768K
  class space    used 606K, capacity 624K, committed 640K, reserved 1048576K
}
Event: 47.995 GC heap before
{Heap before GC invocations=30 (full 7):
 PSYoungGen      total 232960K, used 143540K [0x00000000eab00000, 0x0000000100000000, 0x0000000100000000)
  eden space 116736K, 100% used [0x00000000eab00000,0x00000000f1d00000,0x00000000f1d00000)
  from space 116224K, 23% used [0x00000000f8e80000,0x00000000fa8ad350,0x0000000100000000)
  to   space 116224K, 0% used [0x00000000f1d00000,0x00000000f1d00000,0x00000000f8e80000)
 ParOldGen       total 428544K, used 207895K [0x00000000c0000000, 0x00000000da280000, 0x00000000eab00000)
  object space 428544K, 48% used [0x00000000c0000000,0x00000000ccb05ff0,0x00000000da280000)
 Metaspace       used 6376K, capacity 7224K, committed 7296K, reserved 1056768K
  class space    used 606K, capacity 624K, committed 640K, reserved 1048576K
Event: 48.085 GC heap after
Heap after GC invocations=30 (full 7):
 PSYoungGen      total 232960K, used 18528K [0x00000000eab00000, 0x0000000100000000, 0x0000000100000000)
  eden space 116736K, 0% used [0x00000000eab00000,0x00000000eab00000,0x00000000f1d00000)
  from space 116224K, 15% used [0x00000000f1d00000,0x00000000f2f18000,0x00000000f8e80000)
  to   space 116224K, 0% used [0x00000000f8e80000,0x00000000f8e80000,0x0000000100000000)
 ParOldGen       total 428544K, used 233834K [0x00000000c0000000, 0x00000000da280000, 0x00000000eab00000)
  object space 428544K, 54% used [0x00000000c0000000,0x00000000ce45aa10,0x00000000da280000)
 Metaspace       used 6376K, capacity 7224K, committed 7296K, reserved 1056768K
  class space    used 606K, capacity 624K, committed 640K, reserved 1048576K
}
Event: 48.683 GC heap before
{Heap before GC invocations=31 (full 7):
 PSYoungGen      total 232960K, used 135264K [0x00000000eab00000, 0x0000000100000000, 0x0000000100000000)
  eden space 116736K, 100% used [0x00000000eab00000,0x00000000f1d00000,0x00000000f1d00000)
  from space 116224K, 15% used [0x00000000f1d00000,0x00000000f2f18000,0x00000000f8e80000)
  to   space 116224K, 0% used [0x00000000f8e80000,0x00000000f8e80000,0x0000000100000000)
 ParOldGen       total 428544K, used 233834K [0x00000000c0000000, 0x00000000da280000, 0x00000000eab00000)
  object space 428544K, 54% used [0x00000000c0000000,0x00000000ce45aa10,0x00000000da280000)
 Metaspace       used 6382K, capacity 7224K, committed 7296K, reserved 1056768K
  class space    used 606K, capacity 624K, committed 640K, reserved 1048576K
Event: 48.735 GC heap after
Heap after GC invocations=31 (full 7):
 PSYoungGen      total 232960K, used 19488K [0x00000000eab00000, 0x0000000100000000, 0x0000000100000000)
  eden space 116736K, 0% used [0x00000000eab00000,0x00000000eab00000,0x00000000f1d00000)
  from space 116224K, 16% used [0x00000000f8e80000,0x00000000fa188000,0x0000000100000000)
  to   space 116224K, 0% used [0x00000000f1d00000,0x00000000f1d00000,0x00000000f8e80000)
 ParOldGen       total 428544K, used 250842K [0x00000000c0000000, 0x00000000da280000, 0x00000000eab00000)
  object space 428544K, 58% used [0x00000000c0000000,0x00000000cf4f6b00,0x00000000da280000)
 Metaspace       used 6382K, capacity 7224K, committed 7296K, reserved 1056768K
  class space    used 606K, capacity 624K, committed 640K, reserved 1048576K
}
Event: 49.501 GC heap before
{Heap before GC invocations=32 (full 7):
 PSYoungGen      total 232960K, used 136224K [0x00000000eab00000, 0x0000000100000000, 0x0000000100000000)
  eden space 116736K, 100% used [0x00000000eab00000,0x00000000f1d00000,0x00000000f1d00000)
  from space 116224K, 16% used [0x00000000f8e80000,0x00000000fa188000,0x0000000100000000)
  to   space 116224K, 0% used [0x00000000f1d00000,0x00000000f1d00000,0x00000000f8e80000)
 ParOldGen       total 428544K, used 250842K [0x00000000c0000000, 0x00000000da280000, 0x00000000eab00000)
  object space 428544K, 58% used [0x00000000c0000000,0x00000000cf4f6b00,0x00000000da280000)
 Metaspace       used 6388K, capacity 7224K, committed 7296K, reserved 1056768K
  class space    used 606K, capacity 624K, committed 640K, reserved 1048576K
Event: 49.650 GC heap after
Heap after GC invocations=32 (full 7):
 PSYoungGen      total 232960K, used 19488K [0x00000000eab00000, 0x0000000100000000, 0x0000000100000000)
  eden space 116736K, 0% used [0x00000000eab00000,0x00000000eab00000,0x00000000f1d00000)
  from space 116224K, 16% used [0x00000000f1d00000,0x00000000f3008000,0x00000000f8e80000)
  to   space 116224K, 0% used [0x00000000f8e80000,0x00000000f8e80000,0x0000000100000000)
 ParOldGen       total 428544K, used 269501K [0x00000000c0000000, 0x00000000da280000, 0x00000000eab00000)
  object space 428544K, 62% used [0x00000000c0000000,0x00000000d072f738,0x00000000da280000)
 Metaspace       used 6388K, capacity 7224K, committed 7296K, reserved 1056768K
  class space    used 606K, capacity 624K, committed 640K, reserved 1048576K
}
Event: 50.443 GC heap before
{Heap before GC invocations=33 (full 7):
 PSYoungGen      total 232960K, used 136224K [0x00000000eab00000, 0x0000000100000000, 0x0000000100000000)
  eden space 116736K, 100% used [0x00000000eab00000,0x00000000f1d00000,0x00000000f1d00000)
  from space 116224K, 16% used [0x00000000f1d00000,0x00000000f3008000,0x00000000f8e80000)
  to   space 116224K, 0% used [0x00000000f8e80000,0x00000000f8e80000,0x0000000100000000)
 ParOldGen       total 428544K, used 269501K [0x00000000c0000000, 0x00000000da280000, 0x00000000eab00000)
  object space 428544K, 62% used [0x00000000c0000000,0x00000000d072f738,0x00000000da280000)
 Metaspace       used 6391K, capacity 7224K, committed 7296K, reserved 1056768K
  class space    used 606K, capacity 624K, committed 640K, reserved 1048576K
Event: 50.518 GC heap after
Heap after GC invocations=33 (full 7):
 PSYoungGen      total 232960K, used 20864K [0x00000000eab00000, 0x0000000100000000, 0x0000000100000000)
  eden space 116736K, 0% used [0x00000000eab00000,0x00000000eab00000,0x00000000f1d00000)
  from space 116224K, 17% used [0x00000000f8e80000,0x00000000fa2e0030,0x0000000100000000)
  to   space 116224K, 0% used [0x00000000f1d00000,0x00000000f1d00000,0x00000000f8e80000)
 ParOldGen       total 428544K, used 288267K [0x00000000c0000000, 0x00000000da280000, 0x00000000eab00000)
  object space 428544K, 67% used [0x00000000c0000000,0x00000000d1982f30,0x00000000da280000)
 Metaspace       used 6391K, capacity 7224K, committed 7296K, reserved 1056768K
  class space    used 606K, capacity 624K, committed 640K, reserved 1048576K
}

Deoptimization events (10 events):
Event: 42.816 Thread 0x00000000024bd800 Uncommon trap: reason=unstable_if action=reinterpret pc=0x00000000029ffc94 method=java.util.HashMap.putVal(ILjava/lang/Object;Ljava/lang/Object;ZZ)Ljava/lang/Object; @ 162
Event: 42.828 Thread 0x00000000024bd800 Uncommon trap: reason=unstable_if action=reinterpret pc=0x0000000002a6a944 method=java.util.HashMap.getNode(ILjava/lang/Object;)Ljava/util/HashMap$Node; @ 84
Event: 43.083 Thread 0x00000000166a8000 Uncommon trap: reason=class_check action=maybe_recompile pc=0x0000000002be0e44 method=com.android.dx.rop.code.RegisterSpec.withSimpleType()Lcom/android/dx/rop/code/RegisterSpec; @ 21
Event: 47.307 Thread 0x00000000166a8000 Uncommon trap: reason=unstable_if action=reinterpret pc=0x0000000002a62e14 method=java.util.HashMap.putVal(ILjava/lang/Object;Ljava/lang/Object;ZZ)Ljava/lang/Object; @ 162
Event: 47.339 Thread 0x00000000166aa800 Uncommon trap: reason=speculate_class_check action=maybe_recompile pc=0x0000000002be9644 method=com.android.dx.rop.cst.TypedConstant.getBasicType()I @ 1
Event: 48.660 Thread 0x00000000166a1800 Uncommon trap: reason=class_check action=maybe_recompile pc=0x000000000298ff2c method=com.android.dx.cf.code.Ropper.processBlock(Lcom/android/dx/cf/code/ByteBlock;Lcom/android/dx/cf/code/Frame;[I)V @ 777
Event: 49.162 Thread 0x00000000166a8000 Uncommon trap: reason=unstable_if action=reinterpret pc=0x000000000304ac5c method=com.android.dx.cf.code.Simulator$SimVisitor.visitNoArgs(IIILcom/android/dx/rop/type/Type;)V @ 1277
Event: 50.323 Thread 0x00000000166a9800 Uncommon trap: reason=unstable_if action=reinterpret pc=0x0000000002d17dc8 method=java.util.HashMap.resize()[Ljava/util/HashMap$Node; @ 206
Event: 50.710 Thread 0x00000000166aa800 Uncommon trap: reason=class_check action=maybe_recompile pc=0x000000000298fe90 method=com.android.dx.cf.code.Ropper.processBlock(Lcom/android/dx/cf/code/ByteBlock;Lcom/android/dx/cf/code/Frame;[I)V @ 711
Event: 50.710 Thread 0x00000000166aa800 Uncommon trap: reason=unstable_if action=reinterpret pc=0x0000000002a90670 method=com.android.dx.util.IntList.binarysearch(I)I @ 105

Internal exceptions (6 events):
Event: 0.119 Thread 0x00000000024bd800 Exception <a 'java/lang/NoSuchMethodError': Method sun.misc.Unsafe.defineClass(Ljava/lang/String;[BII)Ljava/lang/Class; name or signature does not match> (0x00000000eab12f18) thrown at [C:\re\workspace\8-2-build-windows-amd64-cygwin\jdk8u45\3627\hotspot\sr@h∂‹êæ?
Event: 0.119 Thread 0x00000000024bd800 Exception <a 'java/lang/NoSuchMethodError': Method sun.misc.Unsafe.prefetchRead(Ljava/lang/Object;J)V name or signature does not match> (0x00000000eab131a8) thrown at [C:\re\workspace\8-2-build-windows-amd64-cygwin\jdk8u45\3627\hotspot\src\share\vm\prims\jœL|Ö>@
Event: 30.521 Thread 0x00000000166a8000 Implicit null exception at 0x0000000002b4865a to 0x0000000002b4874f
Event: 42.822 Thread 0x00000000024bd800 Exception <a 'java/lang/ArrayIndexOutOfBoundsException': 18> (0x00000000efeef6d8) thrown at [C:\re\workspace\8-2-build-windows-amd64-cygwin\jdk8u45\3627\hotspot\src\share\vm\interpreter\interpreterRuntime.cpp, line 366]
Event: 42.823 Thread 0x00000000024bd800 Exception <a 'java/lang/ArrayIndexOutOfBoundsException': 145> (0x00000000efef11a8) thrown at [C:\re\workspace\8-2-build-windows-amd64-cygwin\jdk8u45\3627\hotspot\src\share\vm\interpreter\interpreterRuntime.cpp, line 366]
Event: 42.825 Thread 0x00000000024bd800 Exception <a 'java/lang/ArrayIndexOutOfBoundsException'> (0x00000000efef23e0) thrown at [C:\re\workspace\8-2-build-windows-amd64-cygwin\jdk8u45\3627\hotspot\src\share\vm\runtime\sharedRuntime.cpp, line 605]

Events (10 events):
Event: 50.761 Thread 0x00000000166a9800 DEOPT PACKING pc=0x000000000294f56f sp=0x000000001700e900
Event: 50.761 Thread 0x00000000166a9800 DEOPT UNPACKING pc=0x000000000270787f sp=0x000000001700e640 mode 0
Event: 50.773 Thread 0x00000000166a8000 DEOPT PACKING pc=0x0000000002ce70cc sp=0x0000000016f0e9e0
Event: 50.773 Thread 0x00000000166a8000 DEOPT UNPACKING pc=0x000000000270787f sp=0x0000000016f0e790 mode 0
Event: 50.774 Thread 0x00000000166a8000 DEOPT PACKING pc=0x0000000002cac57e sp=0x0000000016f0e9a0
Event: 50.774 Thread 0x00000000166a8000 DEOPT UNPACKING pc=0x000000000270787f sp=0x0000000016f0e7a8 mode 0
Event: 51.153 Thread 0x00000000166a8000 DEOPT PACKING pc=0x0000000002ae95da sp=0x0000000016f0e910
Event: 51.154 Thread 0x00000000166a8000 DEOPT UNPACKING pc=0x000000000270787f sp=0x0000000016f0e640 mode 0
Event: 51.167 Thread 0x00000000166aa800 DEOPT PACKING pc=0x0000000002ced413 sp=0x000000001710e5a0
Event: 51.167 Thread 0x00000000166aa800 DEOPT UNPACKING pc=0x000000000270787f sp=0x000000001710e318 mode 0


Dynamic libraries:
0x00007ff65bcb0000 - 0x00007ff65bce7000 	C:\Program Files\Java\jdk1.8.0_45\bin\java.exe
0x00007ffd9c910000 - 0x00007ffd9cad1000 	C:\WINDOWS\SYSTEM32\ntdll.dll
0x00007ffd9a7e0000 - 0x00007ffd9a88d000 	C:\WINDOWS\system32\KERNEL32.DLL
0x00007ffd995f0000 - 0x00007ffd997cd000 	C:\WINDOWS\system32\KERNELBASE.dll
0x00007ffd9c710000 - 0x00007ffd9c7b6000 	C:\WINDOWS\system32\ADVAPI32.dll
0x00007ffd9a160000 - 0x00007ffd9a1fd000 	C:\WINDOWS\system32\msvcrt.dll
0x00007ffd9bf90000 - 0x00007ffd9bfeb000 	C:\WINDOWS\system32\sechost.dll
0x00007ffd9c7c0000 - 0x00007ffd9c8e6000 	C:\WINDOWS\system32\RPCRT4.dll
0x00007ffd9a200000 - 0x00007ffd9a34e000 	C:\WINDOWS\system32\USER32.dll
0x00007ffd99fc0000 - 0x00007ffd9a146000 	C:\WINDOWS\system32\GDI32.dll
0x00007ffd86120000 - 0x00007ffd86394000 	C:\WINDOWS\WinSxS\amd64_microsoft.windows.common-controls_6595b64144ccf1df_6.0.10240.16384_none_f41f7b285750ef43\COMCTL32.dll
0x00007ffd9a3c0000 - 0x00007ffd9a3f6000 	C:\WINDOWS\system32\IMM32.DLL
0x00007ffd9bff0000 - 0x00007ffd9c14c000 	C:\WINDOWS\system32\MSCTF.dll
0x000000005dba0000 - 0x000000005dc72000 	C:\Program Files\Java\jdk1.8.0_45\jre\bin\msvcr100.dll
0x000000005c120000 - 0x000000005c9a3000 	C:\Program Files\Java\jdk1.8.0_45\jre\bin\server\jvm.dll
0x00007ffd9c2a0000 - 0x00007ffd9c2a8000 	C:\WINDOWS\system32\PSAPI.DLL
0x00007ffd90450000 - 0x00007ffd90459000 	C:\WINDOWS\SYSTEM32\WSOCK32.dll
0x00007ffd9a350000 - 0x00007ffd9a3b9000 	C:\WINDOWS\system32\WS2_32.dll
0x00007ffd9a150000 - 0x00007ffd9a158000 	C:\WINDOWS\system32\NSI.dll
0x00007ffd97390000 - 0x00007ffd973b3000 	C:\WINDOWS\SYSTEM32\WINMM.dll
0x00007ffd91ca0000 - 0x00007ffd91caa000 	C:\WINDOWS\SYSTEM32\VERSION.dll
0x00007ffd97360000 - 0x00007ffd9738c000 	C:\WINDOWS\SYSTEM32\WINMMBASE.dll
0x00007ffd99890000 - 0x00007ffd998d4000 	C:\WINDOWS\system32\cfgmgr32.dll
0x00007ffd97bf0000 - 0x00007ffd97c17000 	C:\WINDOWS\SYSTEM32\DEVOBJ.dll
0x000000005f960000 - 0x000000005f96f000 	C:\Program Files\Java\jdk1.8.0_45\jre\bin\verify.dll
0x000000005f930000 - 0x000000005f959000 	C:\Program Files\Java\jdk1.8.0_45\jre\bin\java.dll
0x000000005c100000 - 0x000000005c116000 	C:\Program Files\Java\jdk1.8.0_45\jre\bin\zip.dll
0x00007ffd9a890000 - 0x00007ffd9bdb2000 	C:\WINDOWS\system32\SHELL32.dll
0x00007ffd998e0000 - 0x00007ffd99f08000 	C:\WINDOWS\system32\windows.storage.dll
0x00007ffd9c490000 - 0x00007ffd9c70c000 	C:\WINDOWS\system32\combase.dll
0x00007ffd9a510000 - 0x00007ffd9a561000 	C:\WINDOWS\system32\shlwapi.dll
0x00007ffd99320000 - 0x00007ffd9932f000 	C:\WINDOWS\system32\kernel.appcore.dll
0x00007ffd997d0000 - 0x00007ffd99883000 	C:\WINDOWS\system32\shcore.dll
0x00007ffd99330000 - 0x00007ffd9937a000 	C:\WINDOWS\system32\powrprof.dll
0x00007ffd99380000 - 0x00007ffd99393000 	C:\WINDOWS\system32\profapi.dll
0x00007ffd90240000 - 0x00007ffd903ca000 	C:\WINDOWS\SYSTEM32\dbghelp.dll

VM Arguments:
jvm_args: -Xmx1024M -Dfile.encoding=x-windows-949 -Duser.country=KR -Duser.language=ko -Duser.variant 
java_command: com.android.dx.command.Main --dex --num-threads=4 --output C:\Users\ICo\Documents\GitHub\IoTUmbrella_Friendly\app\build\intermediates\pre-dexed\debug\classes-1e4c43c21060b98a690a0b807cff67d75bc1b21c.jar C:\Users\ICo\Documents\GitHub\IoTUmbrella_Friendly\app\build\intermediates\exploded-aar\com.google.android.gms\play-services\6.5.87\jars\classes.jar
java_class_path (initial): C:\Users\ICo\AppData\Local\Android\sdk\build-tools\23.0.1\lib\dx.jar
Launcher Type: SUN_STANDARD

Environment Variables:
PATH=C:\app\ICo\product\12.1.0\dbhome_1\bin;C:\Program Files (x86)\Wizvera\Delfino;C:\ProgramData\Oracle\Java\javapath;C:\Program Files (x86)\Intel\iCLS Client\;C:\Program Files\Intel\iCLS Client\;C:\Program Files\Common Files\Microsoft Shared\Windows Live;C:\Program Files (x86)\Common Files\Microsoft Shared\Windows Live;C:\WINDOWS\system32;C:\WINDOWS;C:\WINDOWS\System32\Wbem;C:\WINDOWS\System32\WindowsPowerShell\v1.0\;C:\Program Files (x86)\Windows Live\Shared;C:\Program Files\Intel\Intel(R) Management Engine Components\DAL;C:\Program Files\Intel\Intel(R) Management Engine Components\IPT;C:\Program Files (x86)\Intel\Intel(R) Management Engine Components\DAL;C:\Program Files (x86)\Intel\Intel(R) Management Engine Components\IPT;C:\Program Files (x86)\Intel\OpenCL SDK\2.0\bin\x86;C:\Program Files (x86)\Intel\OpenCL SDK\2.0\bin\x64;C:\Program Files\Intel\WiFi\bin\;C:\Program Files\Common Files\Intel\WirelessCommon\;C:\Program Files\Microsoft\Web Platform Installer\;C:\Program Files (x86)\Microsoft ASP.NET\ASP.NET Web Pages\v1.0\;C:\Program Files\Microsoft SQL Server\110\Tools\Binn\;C:\Program Files\nodejs\;C:\Users\ICo\AppData\Roaming\npm
USERNAME=ICo
OS=Windows_NT
PROCESSOR_IDENTIFIER=Intel64 Family 6 Model 58 Stepping 9, GenuineIntel



---------------  S Y S T E M  ---------------

OS: Windows 10.0 , 64 bit Build 10240 (10.0.10240.16384)

CPU:total 4 (2 cores per cpu, 2 threads per core) family 6 model 58 stepping 9, cmov, cx8, fxsr, mmx, sse, sse2, sse3, ssse3, sse4.1, sse4.2, popcnt, avx, aes, clmul, erms, ht, tsc, tscinvbit, tscinv

Memory: 4k page, physical 4052296k(297016k free), swap 8951716k(4148k free)

vm_info: Java HotSpot(TM) 64-Bit Server VM (25.45-b02) for windows-amd64 JRE (1.8.0_45-b15), built on Apr 30 2015 12:40:44 by "java_re" with MS VC++ 10.0 (VS2010)

time: Fri Oct 23 14:50:56 2015
elapsed time: 51 seconds (0d 0h 0m 51s)

