#
# There is insufficient memory for the Java Runtime Environment to continue.
# Native memory allocation (malloc) failed to allocate 580416 bytes for Chunk::new
# Possible reasons:
#   The system is out of physical RAM or swap space
#   In 32 bit mode, the process size limit was hit
# Possible solutions:
#   Reduce memory load on the system
#   Increase physical memory or swap space
#   Check if swap backing store is full
#   Use 64 bit Java on a 64 bit OS
#   Decrease Java heap size (-Xmx/-Xms)
#   Decrease number of Java threads
#   Decrease Java thread stack sizes (-Xss)
#   Set larger code cache with -XX:ReservedCodeCacheSize=
# This output file may be truncated or incomplete.
#
#  Out of Memory Error (allocation.cpp:390), pid=15352, tid=14984
#
# JRE version: Java(TM) SE Runtime Environment (8.0_45-b15) (build 1.8.0_45-b15)
# Java VM: Java HotSpot(TM) 64-Bit Server VM (25.45-b02 mixed mode windows-amd64 compressed oops)
# Failed to write core dump. Minidumps are not enabled by default on client versions of Windows
#

---------------  T H R E A D  ---------------

Current thread (0x000000001543c000):  JavaThread "C2 CompilerThread1" daemon [_thread_in_native, id=14984, stack(0x0000000016e40000,0x0000000016f40000)]

Stack: [0x0000000016e40000,0x0000000016f40000]
Native frames: (J=compiled Java code, j=interpreted, Vv=VM code, C=native code)
V  [jvm.dll+0x32b57a]
V  [jvm.dll+0x279873]
V  [jvm.dll+0x27a509]
V  [jvm.dll+0x271825]
V  [jvm.dll+0xcb9e2]
V  [jvm.dll+0xcbeac]
V  [jvm.dll+0x476ef2]
V  [jvm.dll+0x4b955f]
V  [jvm.dll+0x46b92f]
V  [jvm.dll+0x46ccbe]
V  [jvm.dll+0x4500f2]
V  [jvm.dll+0xa4352]
V  [jvm.dll+0xa4c8f]
V  [jvm.dll+0x241984]
V  [jvm.dll+0x29853a]
C  [msvcr100.dll+0x21d9f]
C  [msvcr100.dll+0x21e3b]
C  [KERNEL32.DLL+0x12d92]
C  [ntdll.dll+0x9f64]


Current CompileTask:
C2:   7336  872       4       com.android.dx.ssa.SsaBasicBlock::forEachInsn (37 bytes)


---------------  P R O C E S S  ---------------

Java Threads: ( => current thread )
  0x00000000170ba000 JavaThread "pool-1-thread-4" [_thread_blocked, id=15044, stack(0x0000000017c40000,0x0000000017d40000)]
  0x00000000170b4800 JavaThread "pool-1-thread-3" [_thread_in_Java, id=14600, stack(0x0000000017b40000,0x0000000017c40000)]
  0x00000000170b3800 JavaThread "pool-1-thread-2" [_thread_blocked, id=15348, stack(0x0000000017a40000,0x0000000017b40000)]
  0x00000000170b2000 JavaThread "pool-2-thread-1" [_thread_blocked, id=12680, stack(0x0000000017940000,0x0000000017a40000)]
  0x000000001709e000 JavaThread "pool-1-thread-1" [_thread_in_vm, id=15020, stack(0x0000000017840000,0x0000000017940000)]
  0x0000000016fa9000 JavaThread "Service Thread" daemon [_thread_blocked, id=11192, stack(0x0000000017440000,0x0000000017540000)]
  0x0000000016fa1800 JavaThread "C1 CompilerThread2" daemon [_thread_in_vm, id=15304, stack(0x0000000017340000,0x0000000017440000)]
=>0x000000001543c000 JavaThread "C2 CompilerThread1" daemon [_thread_in_native, id=14984, stack(0x0000000016e40000,0x0000000016f40000)]
  0x000000001543a000 JavaThread "C2 CompilerThread0" daemon [_thread_in_native, id=6140, stack(0x0000000016d40000,0x0000000016e40000)]
  0x00000000153ef000 JavaThread "Attach Listener" daemon [_thread_blocked, id=7752, stack(0x0000000016c40000,0x0000000016d40000)]
  0x00000000153ed800 JavaThread "Signal Dispatcher" daemon [_thread_blocked, id=14532, stack(0x0000000016b40000,0x0000000016c40000)]
  0x0000000002d01800 JavaThread "Finalizer" daemon [_thread_blocked, id=13696, stack(0x0000000016a40000,0x0000000016b40000)]
  0x0000000002cfe800 JavaThread "Reference Handler" daemon [_thread_blocked, id=12408, stack(0x0000000016940000,0x0000000016a40000)]
  0x0000000002c0d800 JavaThread "main" [_thread_blocked, id=4632, stack(0x0000000002ac0000,0x0000000002bc0000)]

Other Threads:
  0x00000000153a9800 VMThread [stack: 0x0000000016840000,0x0000000016940000] [id=15212]
  0x0000000016fac000 WatcherThread [stack: 0x0000000017540000,0x0000000017640000] [id=12980]

VM state:not at safepoint (normal execution)

VM Mutex/Monitor currently owned by a thread: None

Heap:
 PSYoungGen      total 18432K, used 15623K [0x00000000eab00000, 0x00000000ebf80000, 0x0000000100000000)
  eden space 15872K, 98% used [0x00000000eab00000,0x00000000eba41d08,0x00000000eba80000)
  from space 2560K, 0% used [0x00000000ebd00000,0x00000000ebd00000,0x00000000ebf80000)
  to   space 2560K, 0% used [0x00000000eba80000,0x00000000eba80000,0x00000000ebd00000)
 ParOldGen       total 42496K, used 0K [0x00000000c0000000, 0x00000000c2980000, 0x00000000eab00000)
  object space 42496K, 0% used [0x00000000c0000000,0x00000000c0000000,0x00000000c2980000)
 Metaspace       used 5684K, capacity 6768K, committed 7040K, reserved 1064960K
  class space    used 583K, capacity 616K, committed 640K, reserved 1048576K

Card table byte_map: [0x00000000120d0000,0x00000000122e0000] byte_map_base: 0x0000000011ad0000

Marking Bits: (ParMarkBitMap*) 0x000000005c924040
 Begin Bits: [0x0000000012840000, 0x0000000013840000)
 End Bits:   [0x0000000013840000, 0x0000000014840000)

Polling page: 0x0000000000d00000

CodeCache: size=245760Kb used=3742Kb max_used=3742Kb free=242017Kb
 bounds [0x0000000002d10000, 0x00000000030c0000, 0x0000000011d10000]
 total_blobs=1187 nmethods=916 adapters=184
 compilation: enabled

Compilation events (10 events):
Event: 7.303 Thread 0x0000000016fa1800 nmethod 889 0x0000000003099a50 code [0x0000000003099ba0, 0x0000000003099cf0]
Event: 7.303 Thread 0x000000001543a000 nmethod 887 0x000000000309d510 code [0x000000000309d660, 0x000000000309d9b8]
Event: 7.303 Thread 0x000000001543a000  890   !   4       com.android.dx.rop.code.RegisterSpec::intern (70 bytes)
Event: 7.303 Thread 0x0000000016fa1800  891       3       com.android.dx.cf.code.Simulator$SimVisitor::visitConstant (332 bytes)
Event: 7.305 Thread 0x0000000016fa1800 nmethod 891 0x000000000309ffd0 code [0x00000000030a0300, 0x00000000030a2218]
Event: 7.306 Thread 0x0000000016fa1800  892       3       com.android.dx.rop.type.Prototype::withFirstParameter (68 bytes)
Event: 7.307 Thread 0x0000000016fa1800 nmethod 892 0x00000000030a2f50 code [0x00000000030a3180, 0x00000000030a3d98]
Event: 7.307 Thread 0x0000000016fa1800  893       3       com.android.dx.cf.code.Ropper::addOrReplaceBlock (66 bytes)
Event: 7.308 Thread 0x0000000016fa1800 nmethod 893 0x00000000030a42d0 code [0x00000000030a4520, 0x00000000030a5358]
Event: 7.309 Thread 0x0000000016fa1800  894       3       com.android.dx.cf.code.ByteCatchList::toRopCatchList (57 bytes)

GC Heap History (0 events):
No events

Deoptimization events (6 events):
Event: 6.630 Thread 0x000000001709e000 Uncommon trap: reason=unstable_if action=reinterpret pc=0x0000000002f41ff4 method=java.util.BitSet.ensureCapacity(I)V @ 6
Event: 6.643 Thread 0x00000000170ba000 Uncommon trap: reason=unstable_if action=reinterpret pc=0x0000000002f09594 method=java.util.HashMap.getNode(ILjava/lang/Object;)Ljava/util/HashMap$Node; @ 129
Event: 7.284 Thread 0x00000000170ba000 Uncommon trap: reason=class_check action=maybe_recompile pc=0x000000000302ebf0 method=com.android.dx.ssa.NormalSsaInsn.accept(Lcom/android/dx/ssa/SsaInsn$Visitor;)V @ 9
Event: 7.286 Thread 0x00000000170ba000 Uncommon trap: reason=class_check action=maybe_recompile pc=0x000000000302ebf0 method=com.android.dx.ssa.NormalSsaInsn.accept(Lcom/android/dx/ssa/SsaInsn$Visitor;)V @ 9
Event: 7.286 Thread 0x00000000170ba000 Uncommon trap: reason=class_check action=maybe_recompile pc=0x000000000302ebf0 method=com.android.dx.ssa.NormalSsaInsn.accept(Lcom/android/dx/ssa/SsaInsn$Visitor;)V @ 9
Event: 7.286 Thread 0x00000000170ba000 Uncommon trap: reason=class_check action=maybe_recompile pc=0x000000000302ebf0 method=com.android.dx.ssa.NormalSsaInsn.accept(Lcom/android/dx/ssa/SsaInsn$Visitor;)V @ 9

Internal exceptions (2 events):
Event: 3.257 Thread 0x0000000002c0d800 Exception <a 'java/lang/NoSuchMethodError': Method sun.misc.Unsafe.defineClass(Ljava/lang/String;[BII)Ljava/lang/Class; name or signature does not match> (0x00000000eab12f18) thrown at [C:\re\workspace\8-2-build-windows-amd64-cygwin\jdk8u45\3627\hotspot\sr6>ê6
@
Event: 3.257 Thread 0x0000000002c0d800 Exception <a 'java/lang/NoSuchMethodError': Method sun.misc.Unsafe.prefetchRead(Ljava/lang/Object;J)V name or signature does not match> (0x00000000eab131a8) thrown at [C:\re\workspace\8-2-build-windows-amd64-cygwin\jdk8u45\3627\hotspot\src\share\vm\prims\j

Events (10 events):
Event: 7.286 Thread 0x00000000170ba000 DEOPT UNPACKING pc=0x0000000002d5582a sp=0x0000000017d3e950 mode 2
Event: 7.286 Thread 0x00000000170ba000 Uncommon trap: trap_request=0xffffffde fr.pc=0x000000000302ebf0
Event: 7.286 Thread 0x00000000170ba000 DEOPT PACKING pc=0x000000000302ebf0 sp=0x0000000017d3e9c0
Event: 7.286 Thread 0x00000000170ba000 DEOPT UNPACKING pc=0x0000000002d5582a sp=0x0000000017d3e950 mode 2
Event: 7.286 Thread 0x00000000170ba000 Uncommon trap: trap_request=0xffffffde fr.pc=0x000000000302ebf0
Event: 7.286 Thread 0x00000000170ba000 DEOPT PACKING pc=0x000000000302ebf0 sp=0x0000000017d3e6d0
Event: 7.286 Thread 0x00000000170ba000 DEOPT UNPACKING pc=0x0000000002d5582a sp=0x0000000017d3e660 mode 2
Event: 7.286 Thread 0x00000000170ba000 Uncommon trap: trap_request=0xffffffde fr.pc=0x000000000302ebf0
Event: 7.286 Thread 0x00000000170ba000 DEOPT PACKING pc=0x000000000302ebf0 sp=0x0000000017d3e6d0
Event: 7.287 Thread 0x00000000170ba000 DEOPT UNPACKING pc=0x0000000002d5582a sp=0x0000000017d3e660 mode 2


Dynamic libraries:
0x00007ff65bcb0000 - 0x00007ff65bce7000 	C:\Program Files\Java\jdk1.8.0_45\bin\java.exe
0x00007ffd9c910000 - 0x00007ffd9cad1000 	C:\WINDOWS\SYSTEM32\ntdll.dll
0x00007ffd9a7e0000 - 0x00007ffd9a88d000 	C:\WINDOWS\system32\KERNEL32.DLL
0x00007ffd995f0000 - 0x00007ffd997cd000 	C:\WINDOWS\system32\KERNELBASE.dll
0x00007ffd9c710000 - 0x00007ffd9c7b6000 	C:\WINDOWS\system32\ADVAPI32.dll
0x00007ffd9a160000 - 0x00007ffd9a1fd000 	C:\WINDOWS\system32\msvcrt.dll
0x00007ffd9bf90000 - 0x00007ffd9bfeb000 	C:\WINDOWS\system32\sechost.dll
0x00007ffd9c7c0000 - 0x00007ffd9c8e6000 	C:\WINDOWS\system32\RPCRT4.dll
0x00007ffd9a200000 - 0x00007ffd9a34e000 	C:\WINDOWS\system32\USER32.dll
0x00007ffd99fc0000 - 0x00007ffd9a146000 	C:\WINDOWS\system32\GDI32.dll
0x00007ffd86120000 - 0x00007ffd86394000 	C:\WINDOWS\WinSxS\amd64_microsoft.windows.common-controls_6595b64144ccf1df_6.0.10240.16384_none_f41f7b285750ef43\COMCTL32.dll
0x00007ffd9a3c0000 - 0x00007ffd9a3f6000 	C:\WINDOWS\system32\IMM32.DLL
0x00007ffd9bff0000 - 0x00007ffd9c14c000 	C:\WINDOWS\system32\MSCTF.dll
0x000000005dba0000 - 0x000000005dc72000 	C:\Program Files\Java\jdk1.8.0_45\jre\bin\msvcr100.dll
0x000000005c120000 - 0x000000005c9a3000 	C:\Program Files\Java\jdk1.8.0_45\jre\bin\server\jvm.dll
0x00007ffd9c2a0000 - 0x00007ffd9c2a8000 	C:\WINDOWS\system32\PSAPI.DLL
0x00007ffd90450000 - 0x00007ffd90459000 	C:\WINDOWS\SYSTEM32\WSOCK32.dll
0x00007ffd9a350000 - 0x00007ffd9a3b9000 	C:\WINDOWS\system32\WS2_32.dll
0x00007ffd9a150000 - 0x00007ffd9a158000 	C:\WINDOWS\system32\NSI.dll
0x00007ffd97390000 - 0x00007ffd973b3000 	C:\WINDOWS\SYSTEM32\WINMM.dll
0x00007ffd91ca0000 - 0x00007ffd91caa000 	C:\WINDOWS\SYSTEM32\VERSION.dll
0x00007ffd97360000 - 0x00007ffd9738c000 	C:\WINDOWS\SYSTEM32\WINMMBASE.dll
0x00007ffd99890000 - 0x00007ffd998d4000 	C:\WINDOWS\system32\cfgmgr32.dll
0x00007ffd97bf0000 - 0x00007ffd97c17000 	C:\WINDOWS\SYSTEM32\DEVOBJ.dll
0x000000005f960000 - 0x000000005f96f000 	C:\Program Files\Java\jdk1.8.0_45\jre\bin\verify.dll
0x000000005f930000 - 0x000000005f959000 	C:\Program Files\Java\jdk1.8.0_45\jre\bin\java.dll
0x000000005c100000 - 0x000000005c116000 	C:\Program Files\Java\jdk1.8.0_45\jre\bin\zip.dll
0x00007ffd9a890000 - 0x00007ffd9bdb2000 	C:\WINDOWS\system32\SHELL32.dll
0x00007ffd998e0000 - 0x00007ffd99f08000 	C:\WINDOWS\system32\windows.storage.dll
0x00007ffd9c490000 - 0x00007ffd9c70c000 	C:\WINDOWS\system32\combase.dll
0x00007ffd9a510000 - 0x00007ffd9a561000 	C:\WINDOWS\system32\shlwapi.dll
0x00007ffd99320000 - 0x00007ffd9932f000 	C:\WINDOWS\system32\kernel.appcore.dll
0x00007ffd997d0000 - 0x00007ffd99883000 	C:\WINDOWS\system32\shcore.dll
0x00007ffd99330000 - 0x00007ffd9937a000 	C:\WINDOWS\system32\powrprof.dll
0x00007ffd99380000 - 0x00007ffd99393000 	C:\WINDOWS\system32\profapi.dll
0x00007ffd90240000 - 0x00007ffd903ca000 	C:\WINDOWS\SYSTEM32\dbghelp.dll

VM Arguments:
jvm_args: -Xmx1024M -Dfile.encoding=x-windows-949 -Duser.country=KR -Duser.language=ko -Duser.variant 
java_command: com.android.dx.command.Main --dex --num-threads=4 --output C:\Users\ICo\Documents\GitHub\IoTUmbrella_Friendly\app\build\intermediates\pre-dexed\debug\android-async-http-1.4.6-4fcd0b31ea041d9f9a0a3570a6a7ee910b1ad998.jar C:\Users\ICo\Documents\GitHub\IoTUmbrella_Friendly\android-async-http-1.4.6\android-async-http-1.4.6.jar
java_class_path (initial): C:\Users\ICo\AppData\Local\Android\sdk\build-tools\23.0.1\lib\dx.jar
Launcher Type: SUN_STANDARD

Environment Variables:
PATH=C:\app\ICo\product\12.1.0\dbhome_1\bin;C:\Program Files (x86)\Wizvera\Delfino;C:\ProgramData\Oracle\Java\javapath;C:\Program Files (x86)\Intel\iCLS Client\;C:\Program Files\Intel\iCLS Client\;C:\Program Files\Common Files\Microsoft Shared\Windows Live;C:\Program Files (x86)\Common Files\Microsoft Shared\Windows Live;C:\WINDOWS\system32;C:\WINDOWS;C:\WINDOWS\System32\Wbem;C:\WINDOWS\System32\WindowsPowerShell\v1.0\;C:\Program Files (x86)\Windows Live\Shared;C:\Program Files\Intel\Intel(R) Management Engine Components\DAL;C:\Program Files\Intel\Intel(R) Management Engine Components\IPT;C:\Program Files (x86)\Intel\Intel(R) Management Engine Components\DAL;C:\Program Files (x86)\Intel\Intel(R) Management Engine Components\IPT;C:\Program Files (x86)\Intel\OpenCL SDK\2.0\bin\x86;C:\Program Files (x86)\Intel\OpenCL SDK\2.0\bin\x64;C:\Program Files\Intel\WiFi\bin\;C:\Program Files\Common Files\Intel\WirelessCommon\;C:\Program Files\Microsoft\Web Platform Installer\;C:\Program Files (x86)\Microsoft ASP.NET\ASP.NET Web Pages\v1.0\;C:\Program Files\Microsoft SQL Server\110\Tools\Binn\;C:\Program Files\nodejs\;C:\Users\ICo\AppData\Roaming\npm
USERNAME=ICo
OS=Windows_NT
PROCESSOR_IDENTIFIER=Intel64 Family 6 Model 58 Stepping 9, GenuineIntel



---------------  S Y S T E M  ---------------

OS: Windows 10.0 , 64 bit Build 10240 (10.0.10240.16384)

CPU:total 4 (2 cores per cpu, 2 threads per core) family 6 model 58 stepping 9, cmov, cx8, fxsr, mmx, sse, sse2, sse3, ssse3, sse4.1, sse4.2, popcnt, avx, aes, clmul, erms, ht, tsc, tscinvbit, tscinv

Memory: 4k page, physical 4052296k(311812k free), swap 8951716k(1468k free)

vm_info: Java HotSpot(TM) 64-Bit Server VM (25.45-b02) for windows-amd64 JRE (1.8.0_45-b15), built on Apr 30 2015 12:40:44 by "java_re" with MS VC++ 10.0 (VS2010)

time: Fri Oct 23 14:50:56 2015
elapsed time: 7 seconds (0d 0h 0m 7s)

