#
# There is insufficient memory for the Java Runtime Environment to continue.
# Native memory allocation (malloc) failed to allocate 1543536 bytes for Chunk::new
# Possible reasons:
#   The system is out of physical RAM or swap space
#   In 32 bit mode, the process size limit was hit
# Possible solutions:
#   Reduce memory load on the system
#   Increase physical memory or swap space
#   Check if swap backing store is full
#   Use 64 bit Java on a 64 bit OS
#   Decrease Java heap size (-Xmx/-Xms)
#   Decrease number of Java threads
#   Decrease Java thread stack sizes (-Xss)
#   Set larger code cache with -XX:ReservedCodeCacheSize=
# This output file may be truncated or incomplete.
#
#  Out of Memory Error (allocation.cpp:390), pid=15192, tid=14736
#
# JRE version: Java(TM) SE Runtime Environment (8.0_45-b15) (build 1.8.0_45-b15)
# Java VM: Java HotSpot(TM) 64-Bit Server VM (25.45-b02 mixed mode windows-amd64 compressed oops)
# Failed to write core dump. Minidumps are not enabled by default on client versions of Windows
#

---------------  T H R E A D  ---------------

Current thread (0x0000000014f6d000):  JavaThread "C2 CompilerThread1" daemon [_thread_in_native, id=14736, stack(0x0000000016980000,0x0000000016a80000)]

Stack: [0x0000000016980000,0x0000000016a80000]
Native frames: (J=compiled Java code, j=interpreted, Vv=VM code, C=native code)
V  [jvm.dll+0x32b57a]
V  [jvm.dll+0x279873]
V  [jvm.dll+0x27a509]
V  [jvm.dll+0x271825]
V  [jvm.dll+0xcb9e2]
V  [jvm.dll+0xcbeac]
V  [jvm.dll+0x476ef2]
V  [jvm.dll+0x4b955f]
V  [jvm.dll+0x46b92f]
V  [jvm.dll+0x46ccbe]
V  [jvm.dll+0x4500f2]
V  [jvm.dll+0xa4352]
V  [jvm.dll+0xa4c8f]
V  [jvm.dll+0x241984]
V  [jvm.dll+0x29853a]
C  [msvcr100.dll+0x21d9f]
C  [msvcr100.dll+0x21e3b]
C  [KERNEL32.DLL+0x12d92]
C  [ntdll.dll+0x9f64]


Current CompileTask:
C2:  27865 2400       4       com.android.dx.cf.code.Simulator$SimVisitor::visitNoArgs (2108 bytes)


---------------  P R O C E S S  ---------------

Java Threads: ( => current thread )
  0x0000000016803000 JavaThread "pool-1-thread-4" [_thread_in_Java, id=14852, stack(0x0000000017180000,0x0000000017280000)]
  0x0000000016802000 JavaThread "pool-1-thread-3" [_thread_blocked, id=11412, stack(0x0000000017080000,0x0000000017180000)]
  0x0000000016801000 JavaThread "pool-1-thread-2" [_thread_blocked, id=3692, stack(0x0000000016f80000,0x0000000017080000)]
  0x00000000167ff800 JavaThread "pool-2-thread-1" [_thread_blocked, id=15300, stack(0x0000000016e80000,0x0000000016f80000)]
  0x00000000167fc800 JavaThread "pool-1-thread-1" [_thread_blocked, id=15308, stack(0x0000000016d80000,0x0000000016e80000)]
  0x00000000165e2800 JavaThread "Service Thread" daemon [_thread_blocked, id=14364, stack(0x0000000016b80000,0x0000000016c80000)]
  0x00000000165da800 JavaThread "C1 CompilerThread2" daemon [_thread_blocked, id=4356, stack(0x0000000016a80000,0x0000000016b80000)]
=>0x0000000014f6d000 JavaThread "C2 CompilerThread1" daemon [_thread_in_native, id=14736, stack(0x0000000016980000,0x0000000016a80000)]
  0x0000000014f6b000 JavaThread "C2 CompilerThread0" daemon [_thread_in_native, id=15168, stack(0x0000000016480000,0x0000000016580000)]
  0x0000000014f68000 JavaThread "Attach Listener" daemon [_thread_blocked, id=5124, stack(0x0000000016380000,0x0000000016480000)]
  0x0000000014f1d800 JavaThread "Signal Dispatcher" daemon [_thread_blocked, id=15152, stack(0x0000000016280000,0x0000000016380000)]
  0x0000000002830800 JavaThread "Finalizer" daemon [_thread_blocked, id=12768, stack(0x0000000016180000,0x0000000016280000)]
  0x000000000282d800 JavaThread "Reference Handler" daemon [_thread_blocked, id=10124, stack(0x0000000016080000,0x0000000016180000)]
  0x000000000222d800 JavaThread "main" [_thread_in_Java, id=15020, stack(0x0000000002640000,0x0000000002740000)]

Other Threads:
  0x0000000014ed8800 VMThread [stack: 0x0000000015f80000,0x0000000016080000] [id=4912]
  0x00000000165f4000 WatcherThread [stack: 0x0000000016c80000,0x0000000016d80000] [id=4444]

VM state:not at safepoint (normal execution)

VM Mutex/Monitor currently owned by a thread: None

Heap:
 PSYoungGen      total 138240K, used 29436K [0x00000000eab00000, 0x00000000f4700000, 0x0000000100000000)
  eden space 120832K, 14% used [0x00000000eab00000,0x00000000ebbca9a8,0x00000000f2100000)
  from space 17408K, 70% used [0x00000000f2100000,0x00000000f2cf4868,0x00000000f3200000)
  to   space 13312K, 0% used [0x00000000f3200000,0x00000000f3200000,0x00000000f3f00000)
 ParOldGen       total 78848K, used 43711K [0x00000000c0000000, 0x00000000c4d00000, 0x00000000eab00000)
  object space 78848K, 55% used [0x00000000c0000000,0x00000000c2aafd90,0x00000000c4d00000)
 Metaspace       used 6405K, capacity 7224K, committed 7296K, reserved 1056768K
  class space    used 611K, capacity 624K, committed 640K, reserved 1048576K

Card table byte_map: [0x0000000011c00000,0x0000000011e10000] byte_map_base: 0x0000000011600000

Marking Bits: (ParMarkBitMap*) 0x000000005c924040
 Begin Bits: [0x0000000012370000, 0x0000000013370000)
 End Bits:   [0x0000000013370000, 0x0000000014370000)

Polling page: 0x00000000007e0000

CodeCache: size=245760Kb used=8660Kb max_used=10554Kb free=237099Kb
 bounds [0x0000000002840000, 0x00000000032b0000, 0x0000000011840000]
 total_blobs=2085 nmethods=1813 adapters=184
 compilation: enabled

Compilation events (10 events):
Event: 24.019 Thread 0x00000000165da800 2416       3       com.android.dx.rop.cst.CstLiteral32::<init> (10 bytes)
Event: 24.020 Thread 0x00000000165da800 nmethod 2416 0x0000000002a6e490 code [0x0000000002a6e600, 0x0000000002a6e8d0]
Event: 24.020 Thread 0x00000000165da800 2417       3       com.android.dx.rop.cst.CstFloat::make (9 bytes)
Event: 24.020 Thread 0x00000000165da800 nmethod 2417 0x0000000002c0f950 code [0x0000000002c0fae0, 0x0000000002c0feb0]
Event: 24.020 Thread 0x00000000165da800 2418       3       com.android.dx.rop.cst.CstFloat::<init> (6 bytes)
Event: 24.020 Thread 0x00000000165da800 nmethod 2418 0x00000000029573d0 code [0x0000000002957540, 0x0000000002957870]
Event: 24.022 Thread 0x00000000165da800 2419       3       com.android.dx.cf.code.BytecodeArray$ConstantParserVisitor::visitConstant (18 bytes)
Event: 24.022 Thread 0x00000000165da800 nmethod 2419 0x0000000002bbc2d0 code [0x0000000002bbc420, 0x0000000002bbc590]
Event: 24.027 Thread 0x00000000165da800 2422       2       java.util.concurrent.locks.AbstractQueuedSynchronizer::enq (58 bytes)
Event: 24.028 Thread 0x00000000165da800 nmethod 2422 0x0000000002ad6f50 code [0x0000000002ad70c0, 0x0000000002ad73b0]

GC Heap History (10 events):
Event: 14.359 GC heap before
{Heap before GC invocations=6 (full 0):
 PSYoungGen      total 34304K, used 34297K [0x00000000eab00000, 0x00000000ef700000, 0x0000000100000000)
  eden space 31744K, 100% used [0x00000000eab00000,0x00000000eca00000,0x00000000eca00000)
  from space 2560K, 99% used [0x00000000eca00000,0x00000000ecc7e670,0x00000000ecc80000)
  to   space 7168K, 0% used [0x00000000ef000000,0x00000000ef000000,0x00000000ef700000)
 ParOldGen       total 42496K, used 14351K [0x00000000c0000000, 0x00000000c2980000, 0x00000000eab00000)
  object space 42496K, 33% used [0x00000000c0000000,0x00000000c0e03d50,0x00000000c2980000)
 Metaspace       used 6279K, capacity 7160K, committed 7296K, reserved 1056768K
  class space    used 610K, capacity 624K, committed 640K, reserved 1048576K
Event: 14.939 GC heap after
Heap after GC invocations=6 (full 0):
 PSYoungGen      total 69632K, used 7142K [0x00000000eab00000, 0x00000000ef900000, 0x0000000100000000)
  eden space 62464K, 0% used [0x00000000eab00000,0x00000000eab00000,0x00000000ee800000)
  from space 7168K, 99% used [0x00000000ef000000,0x00000000ef6f99d0,0x00000000ef700000)
  to   space 8192K, 0% used [0x00000000ee800000,0x00000000ee800000,0x00000000ef000000)
 ParOldGen       total 42496K, used 14728K [0x00000000c0000000, 0x00000000c2980000, 0x00000000eab00000)
  object space 42496K, 34% used [0x00000000c0000000,0x00000000c0e62260,0x00000000c2980000)
 Metaspace       used 6279K, capacity 7160K, committed 7296K, reserved 1056768K
  class space    used 610K, capacity 624K, committed 640K, reserved 1048576K
}
Event: 17.517 GC heap before
{Heap before GC invocations=7 (full 0):
 PSYoungGen      total 69632K, used 69606K [0x00000000eab00000, 0x00000000ef900000, 0x0000000100000000)
  eden space 62464K, 100% used [0x00000000eab00000,0x00000000ee800000,0x00000000ee800000)
  from space 7168K, 99% used [0x00000000ef000000,0x00000000ef6f99d0,0x00000000ef700000)
  to   space 8192K, 0% used [0x00000000ee800000,0x00000000ee800000,0x00000000ef000000)
 ParOldGen       total 42496K, used 14728K [0x00000000c0000000, 0x00000000c2980000, 0x00000000eab00000)
  object space 42496K, 34% used [0x00000000c0000000,0x00000000c0e62260,0x00000000c2980000)
 Metaspace       used 6321K, capacity 7160K, committed 7296K, reserved 1056768K
  class space    used 610K, capacity 624K, committed 640K, reserved 1048576K
Event: 17.894 GC heap after
Heap after GC invocations=7 (full 0):
 PSYoungGen      total 70656K, used 8169K [0x00000000eab00000, 0x00000000f3f00000, 0x0000000100000000)
  eden space 62464K, 0% used [0x00000000eab00000,0x00000000eab00000,0x00000000ee800000)
  from space 8192K, 99% used [0x00000000ee800000,0x00000000eeffa6a8,0x00000000ef000000)
  to   space 13312K, 0% used [0x00000000f3200000,0x00000000f3200000,0x00000000f3f00000)
 ParOldGen       total 42496K, used 23473K [0x00000000c0000000, 0x00000000c2980000, 0x00000000eab00000)
  object space 42496K, 55% used [0x00000000c0000000,0x00000000c16ec7b0,0x00000000c2980000)
 Metaspace       used 6321K, capacity 7160K, committed 7296K, reserved 1056768K
  class space    used 610K, capacity 624K, committed 640K, reserved 1048576K
}
Event: 20.015 GC heap before
{Heap before GC invocations=8 (full 0):
 PSYoungGen      total 70656K, used 70633K [0x00000000eab00000, 0x00000000f3f00000, 0x0000000100000000)
  eden space 62464K, 100% used [0x00000000eab00000,0x00000000ee800000,0x00000000ee800000)
  from space 8192K, 99% used [0x00000000ee800000,0x00000000eeffa6a8,0x00000000ef000000)
  to   space 13312K, 0% used [0x00000000f3200000,0x00000000f3200000,0x00000000f3f00000)
 ParOldGen       total 42496K, used 23473K [0x00000000c0000000, 0x00000000c2980000, 0x00000000eab00000)
  object space 42496K, 55% used [0x00000000c0000000,0x00000000c16ec7b0,0x00000000c2980000)
 Metaspace       used 6383K, capacity 7224K, committed 7296K, reserved 1056768K
  class space    used 610K, capacity 624K, committed 640K, reserved 1048576K
Event: 20.582 GC heap after
Heap after GC invocations=8 (full 0):
 PSYoungGen      total 134144K, used 13309K [0x00000000eab00000, 0x00000000f4700000, 0x0000000100000000)
  eden space 120832K, 0% used [0x00000000eab00000,0x00000000eab00000,0x00000000f2100000)
  from space 13312K, 99% used [0x00000000f3200000,0x00000000f3eff788,0x00000000f3f00000)
  to   space 17408K, 0% used [0x00000000f2100000,0x00000000f2100000,0x00000000f3200000)
 ParOldGen       total 42496K, used 28897K [0x00000000c0000000, 0x00000000c2980000, 0x00000000eab00000)
  object space 42496K, 68% used [0x00000000c0000000,0x00000000c1c38640,0x00000000c2980000)
 Metaspace       used 6383K, capacity 7224K, committed 7296K, reserved 1056768K
  class space    used 610K, capacity 624K, committed 640K, reserved 1048576K
}
Event: 24.077 GC heap before
{Heap before GC invocations=9 (full 0):
 PSYoungGen      total 134144K, used 134141K [0x00000000eab00000, 0x00000000f4700000, 0x0000000100000000)
  eden space 120832K, 100% used [0x00000000eab00000,0x00000000f2100000,0x00000000f2100000)
  from space 13312K, 99% used [0x00000000f3200000,0x00000000f3eff788,0x00000000f3f00000)
  to   space 17408K, 0% used [0x00000000f2100000,0x00000000f2100000,0x00000000f3200000)
 ParOldGen       total 42496K, used 28897K [0x00000000c0000000, 0x00000000c2980000, 0x00000000eab00000)
  object space 42496K, 68% used [0x00000000c0000000,0x00000000c1c38640,0x00000000c2980000)
 Metaspace       used 6405K, capacity 7224K, committed 7296K, reserved 1056768K
  class space    used 611K, capacity 624K, committed 640K, reserved 1048576K
Event: 24.416 GC heap after
Heap after GC invocations=9 (full 0):
 PSYoungGen      total 138240K, used 17404K [0x00000000eab00000, 0x00000000f4700000, 0x0000000100000000)
  eden space 120832K, 0% used [0x00000000eab00000,0x00000000eab00000,0x00000000f2100000)
  from space 17408K, 99% used [0x00000000f2100000,0x00000000f31ff188,0x00000000f3200000)
  to   space 13312K, 0% used [0x00000000f3200000,0x00000000f3200000,0x00000000f3f00000)
 ParOldGen       total 44032K, used 43825K [0x00000000c0000000, 0x00000000c2b00000, 0x00000000eab00000)
  object space 44032K, 99% used [0x00000000c0000000,0x00000000c2acc688,0x00000000c2b00000)
 Metaspace       used 6405K, capacity 7224K, committed 7296K, reserved 1056768K
  class space    used 611K, capacity 624K, committed 640K, reserved 1048576K
}
Event: 24.416 GC heap before
{Heap before GC invocations=10 (full 1):
 PSYoungGen      total 138240K, used 17404K [0x00000000eab00000, 0x00000000f4700000, 0x0000000100000000)
  eden space 120832K, 0% used [0x00000000eab00000,0x00000000eab00000,0x00000000f2100000)
  from space 17408K, 99% used [0x00000000f2100000,0x00000000f31ff188,0x00000000f3200000)
  to   space 13312K, 0% used [0x00000000f3200000,0x00000000f3200000,0x00000000f3f00000)
 ParOldGen       total 44032K, used 43825K [0x00000000c0000000, 0x00000000c2b00000, 0x00000000eab00000)
  object space 44032K, 99% used [0x00000000c0000000,0x00000000c2acc688,0x00000000c2b00000)
 Metaspace       used 6405K, capacity 7224K, committed 7296K, reserved 1056768K
  class space    used 611K, capacity 624K, committed 640K, reserved 1048576K
Event: 27.806 GC heap after
Heap after GC invocations=10 (full 1):
 PSYoungGen      total 138240K, used 12242K [0x00000000eab00000, 0x00000000f4700000, 0x0000000100000000)
  eden space 120832K, 0% used [0x00000000eab00000,0x00000000eab00000,0x00000000f2100000)
  from space 17408K, 70% used [0x00000000f2100000,0x00000000f2cf4868,0x00000000f3200000)
  to   space 13312K, 0% used [0x00000000f3200000,0x00000000f3200000,0x00000000f3f00000)
 ParOldGen       total 78848K, used 43711K [0x00000000c0000000, 0x00000000c4d00000, 0x00000000eab00000)
  object space 78848K, 55% used [0x00000000c0000000,0x00000000c2aafd90,0x00000000c4d00000)
 Metaspace       used 6405K, capacity 7224K, committed 7296K, reserved 1056768K
  class space    used 611K, capacity 624K, committed 640K, reserved 1048576K
}

Deoptimization events (10 events):
Event: 17.019 Thread 0x0000000016802000 Uncommon trap: reason=bimorphic action=maybe_recompile pc=0x0000000002eafe80 method=com.android.dx.ssa.SCCP.simulatePhi(Lcom/android/dx/ssa/PhiInsn;)V @ 124
Event: 17.019 Thread 0x0000000016802000 Uncommon trap: reason=bimorphic action=maybe_recompile pc=0x0000000002eafe80 method=com.android.dx.ssa.SCCP.simulatePhi(Lcom/android/dx/ssa/PhiInsn;)V @ 124
Event: 20.594 Thread 0x0000000016803000 Uncommon trap: reason=bimorphic action=maybe_recompile pc=0x000000000316bacc method=com.android.dx.rop.code.RegisterSpec.getFrameType()Lcom/android/dx/rop/type/TypeBearer; @ 4
Event: 20.643 Thread 0x0000000016802000 Uncommon trap: reason=unstable_if action=reinterpret pc=0x00000000032438fc method=com.android.dx.dex.code.RopTranslator.pickOrder()V @ 130
Event: 21.923 Thread 0x0000000016803000 Uncommon trap: reason=bimorphic action=maybe_recompile pc=0x000000000322099c method=com.android.dx.cf.code.BytecodeArray.parseInstruction(ILcom/android/dx/cf/code/BytecodeArray$Visitor;)I @ 955
Event: 21.923 Thread 0x0000000016803000 Uncommon trap: reason=bimorphic action=maybe_recompile pc=0x000000000322099c method=com.android.dx.cf.code.BytecodeArray.parseInstruction(ILcom/android/dx/cf/code/BytecodeArray$Visitor;)I @ 955
Event: 24.021 Thread 0x0000000016802000 Uncommon trap: reason=bimorphic action=maybe_recompile pc=0x0000000002e82cc4 method=com.android.dx.cf.code.BytecodeArray.parseInstruction(ILcom/android/dx/cf/code/BytecodeArray$Visitor;)I @ 1161
Event: 24.021 Thread 0x0000000016802000 Uncommon trap: reason=bimorphic action=maybe_recompile pc=0x0000000002e828a0 method=com.android.dx.cf.code.BytecodeArray.parseInstruction(ILcom/android/dx/cf/code/BytecodeArray$Visitor;)I @ 971
Event: 24.021 Thread 0x0000000016802000 Uncommon trap: reason=bimorphic action=maybe_recompile pc=0x0000000002e82924 method=com.android.dx.cf.code.BytecodeArray.parseInstruction(ILcom/android/dx/cf/code/BytecodeArray$Visitor;)I @ 987
Event: 24.022 Thread 0x0000000016802000 Uncommon trap: reason=bimorphic action=maybe_recompile pc=0x0000000002e82cc4 method=com.android.dx.cf.code.BytecodeArray.parseInstruction(ILcom/android/dx/cf/code/BytecodeArray$Visitor;)I @ 1161

Internal exceptions (8 events):
Event: 0.120 Thread 0x000000000222d800 Exception <a 'java/lang/NoSuchMethodError': Method sun.misc.Unsafe.defineClass(Ljava/lang/String;[BII)Ljava/lang/Class; name or signature does not match> (0x00000000eab12f18) thrown at [C:\re\workspace\8-2-build-windows-amd64-cygwin\jdk8u45\3627\hotspot\sr}cfﬁ≤æ?
Event: 0.120 Thread 0x000000000222d800 Exception <a 'java/lang/NoSuchMethodError': Method sun.misc.Unsafe.prefetchRead(Ljava/lang/Object;J)V name or signature does not match> (0x00000000eab131a8) thrown at [C:\re\workspace\8-2-build-windows-amd64-cygwin\jdk8u45\3627\hotspot\src\share\vm\prims\jäa%ø€@
Event: 6.714 Thread 0x000000000222d800 Exception <a 'java/lang/ArrayIndexOutOfBoundsException': 18> (0x00000000eabe8480) thrown at [C:\re\workspace\8-2-build-windows-amd64-cygwin\jdk8u45\3627\hotspot\src\share\vm\interpreter\interpreterRuntime.cpp, line 366]
Event: 6.793 Thread 0x000000000222d800 Exception <a 'java/lang/ArrayIndexOutOfBoundsException': 145> (0x00000000eabe9f50) thrown at [C:\re\workspace\8-2-build-windows-amd64-cygwin\jdk8u45\3627\hotspot\src\share\vm\interpreter\interpreterRuntime.cpp, line 366]
Event: 6.877 Thread 0x000000000222d800 Exception <a 'java/lang/ArrayIndexOutOfBoundsException'> (0x00000000eabeb188) thrown at [C:\re\workspace\8-2-build-windows-amd64-cygwin\jdk8u45\3627\hotspot\src\share\vm\runtime\sharedRuntime.cpp, line 605]
Event: 7.004 Thread 0x000000000222d800 Implicit null exception at 0x0000000002e8acf0 to 0x0000000002e8d691
Event: 16.445 Thread 0x0000000016802000 Implicit null exception at 0x0000000002f354ee to 0x0000000002f36c91
Event: 16.445 Thread 0x0000000016802000 Implicit null exception at 0x0000000002ebefa4 to 0x0000000002ebf129

Events (10 events):
Event: 24.021 Thread 0x0000000016802000 DEOPT PACKING pc=0x0000000002e828a0 sp=0x000000001717ea20
Event: 24.021 Thread 0x0000000016802000 DEOPT UNPACKING pc=0x000000000288582a sp=0x000000001717e9e8 mode 2
Event: 24.021 Thread 0x0000000016802000 Uncommon trap: trap_request=0xffffffc6 fr.pc=0x0000000002e82924
Event: 24.021 Thread 0x0000000016802000 DEOPT PACKING pc=0x0000000002e82924 sp=0x000000001717ea20
Event: 24.021 Thread 0x0000000016802000 DEOPT UNPACKING pc=0x000000000288582a sp=0x000000001717e9e8 mode 2
Event: 24.022 Thread 0x0000000016802000 Uncommon trap: trap_request=0xffffffc6 fr.pc=0x0000000002e82cc4
Event: 24.022 Thread 0x0000000016802000 DEOPT PACKING pc=0x0000000002e82cc4 sp=0x000000001717ea20
Event: 24.022 Thread 0x0000000016802000 DEOPT UNPACKING pc=0x000000000288582a sp=0x000000001717e9e8 mode 2
Event: 24.029 Executing VM operation: ParallelGCFailedAllocation
Event: 27.806 Executing VM operation: ParallelGCFailedAllocation done


Dynamic libraries:
0x00007ff65bcb0000 - 0x00007ff65bce7000 	C:\Program Files\Java\jdk1.8.0_45\bin\java.exe
0x00007ffd9c910000 - 0x00007ffd9cad1000 	C:\WINDOWS\SYSTEM32\ntdll.dll
0x00007ffd9a7e0000 - 0x00007ffd9a88d000 	C:\WINDOWS\system32\KERNEL32.DLL
0x00007ffd995f0000 - 0x00007ffd997cd000 	C:\WINDOWS\system32\KERNELBASE.dll
0x00007ffd9c710000 - 0x00007ffd9c7b6000 	C:\WINDOWS\system32\ADVAPI32.dll
0x00007ffd9a160000 - 0x00007ffd9a1fd000 	C:\WINDOWS\system32\msvcrt.dll
0x00007ffd9bf90000 - 0x00007ffd9bfeb000 	C:\WINDOWS\system32\sechost.dll
0x00007ffd9c7c0000 - 0x00007ffd9c8e6000 	C:\WINDOWS\system32\RPCRT4.dll
0x00007ffd9a200000 - 0x00007ffd9a34e000 	C:\WINDOWS\system32\USER32.dll
0x00007ffd99fc0000 - 0x00007ffd9a146000 	C:\WINDOWS\system32\GDI32.dll
0x00007ffd86120000 - 0x00007ffd86394000 	C:\WINDOWS\WinSxS\amd64_microsoft.windows.common-controls_6595b64144ccf1df_6.0.10240.16384_none_f41f7b285750ef43\COMCTL32.dll
0x00007ffd9a3c0000 - 0x00007ffd9a3f6000 	C:\WINDOWS\system32\IMM32.DLL
0x00007ffd9bff0000 - 0x00007ffd9c14c000 	C:\WINDOWS\system32\MSCTF.dll
0x000000005dba0000 - 0x000000005dc72000 	C:\Program Files\Java\jdk1.8.0_45\jre\bin\msvcr100.dll
0x000000005c120000 - 0x000000005c9a3000 	C:\Program Files\Java\jdk1.8.0_45\jre\bin\server\jvm.dll
0x00007ffd9c2a0000 - 0x00007ffd9c2a8000 	C:\WINDOWS\system32\PSAPI.DLL
0x00007ffd90450000 - 0x00007ffd90459000 	C:\WINDOWS\SYSTEM32\WSOCK32.dll
0x00007ffd9a350000 - 0x00007ffd9a3b9000 	C:\WINDOWS\system32\WS2_32.dll
0x00007ffd9a150000 - 0x00007ffd9a158000 	C:\WINDOWS\system32\NSI.dll
0x00007ffd97390000 - 0x00007ffd973b3000 	C:\WINDOWS\SYSTEM32\WINMM.dll
0x00007ffd91ca0000 - 0x00007ffd91caa000 	C:\WINDOWS\SYSTEM32\VERSION.dll
0x00007ffd97360000 - 0x00007ffd9738c000 	C:\WINDOWS\SYSTEM32\WINMMBASE.dll
0x00007ffd99890000 - 0x00007ffd998d4000 	C:\WINDOWS\system32\cfgmgr32.dll
0x00007ffd97bf0000 - 0x00007ffd97c17000 	C:\WINDOWS\SYSTEM32\DEVOBJ.dll
0x000000005f960000 - 0x000000005f96f000 	C:\Program Files\Java\jdk1.8.0_45\jre\bin\verify.dll
0x000000005f930000 - 0x000000005f959000 	C:\Program Files\Java\jdk1.8.0_45\jre\bin\java.dll
0x000000005c100000 - 0x000000005c116000 	C:\Program Files\Java\jdk1.8.0_45\jre\bin\zip.dll
0x00007ffd9a890000 - 0x00007ffd9bdb2000 	C:\WINDOWS\system32\SHELL32.dll
0x00007ffd998e0000 - 0x00007ffd99f08000 	C:\WINDOWS\system32\windows.storage.dll
0x00007ffd9c490000 - 0x00007ffd9c70c000 	C:\WINDOWS\system32\combase.dll
0x00007ffd9a510000 - 0x00007ffd9a561000 	C:\WINDOWS\system32\shlwapi.dll
0x00007ffd99320000 - 0x00007ffd9932f000 	C:\WINDOWS\system32\kernel.appcore.dll
0x00007ffd997d0000 - 0x00007ffd99883000 	C:\WINDOWS\system32\shcore.dll
0x00007ffd99330000 - 0x00007ffd9937a000 	C:\WINDOWS\system32\powrprof.dll
0x00007ffd99380000 - 0x00007ffd99393000 	C:\WINDOWS\system32\profapi.dll
0x00007ffd90240000 - 0x00007ffd903ca000 	C:\WINDOWS\SYSTEM32\dbghelp.dll

VM Arguments:
jvm_args: -Xmx1024M -Dfile.encoding=x-windows-949 -Duser.country=KR -Duser.language=ko -Duser.variant 
java_command: com.android.dx.command.Main --dex --num-threads=4 --output C:\Users\ICo\Documents\GitHub\IoTUmbrella_Friendly\app\build\intermediates\pre-dexed\debug\classes-b10c7dccfbdc3b2926ca10f603a5624183b62eef.jar C:\Users\ICo\Documents\GitHub\IoTUmbrella_Friendly\app\build\intermediates\exploded-aar\com.android.support\support-v4\23.0.1\jars\classes.jar
java_class_path (initial): C:\Users\ICo\AppData\Local\Android\sdk\build-tools\23.0.1\lib\dx.jar
Launcher Type: SUN_STANDARD

Environment Variables:
PATH=C:\app\ICo\product\12.1.0\dbhome_1\bin;C:\Program Files (x86)\Wizvera\Delfino;C:\ProgramData\Oracle\Java\javapath;C:\Program Files (x86)\Intel\iCLS Client\;C:\Program Files\Intel\iCLS Client\;C:\Program Files\Common Files\Microsoft Shared\Windows Live;C:\Program Files (x86)\Common Files\Microsoft Shared\Windows Live;C:\WINDOWS\system32;C:\WINDOWS;C:\WINDOWS\System32\Wbem;C:\WINDOWS\System32\WindowsPowerShell\v1.0\;C:\Program Files (x86)\Windows Live\Shared;C:\Program Files\Intel\Intel(R) Management Engine Components\DAL;C:\Program Files\Intel\Intel(R) Management Engine Components\IPT;C:\Program Files (x86)\Intel\Intel(R) Management Engine Components\DAL;C:\Program Files (x86)\Intel\Intel(R) Management Engine Components\IPT;C:\Program Files (x86)\Intel\OpenCL SDK\2.0\bin\x86;C:\Program Files (x86)\Intel\OpenCL SDK\2.0\bin\x64;C:\Program Files\Intel\WiFi\bin\;C:\Program Files\Common Files\Intel\WirelessCommon\;C:\Program Files\Microsoft\Web Platform Installer\;C:\Program Files (x86)\Microsoft ASP.NET\ASP.NET Web Pages\v1.0\;C:\Program Files\Microsoft SQL Server\110\Tools\Binn\;C:\Program Files\nodejs\;C:\Users\ICo\AppData\Roaming\npm
USERNAME=ICo
OS=Windows_NT
PROCESSOR_IDENTIFIER=Intel64 Family 6 Model 58 Stepping 9, GenuineIntel



---------------  S Y S T E M  ---------------

OS: Windows 10.0 , 64 bit Build 10240 (10.0.10240.16384)

CPU:total 4 (2 cores per cpu, 2 threads per core) family 6 model 58 stepping 9, cmov, cx8, fxsr, mmx, sse, sse2, sse3, ssse3, sse4.1, sse4.2, popcnt, avx, aes, clmul, erms, ht, tsc, tscinvbit, tscinv

Memory: 4k page, physical 4052296k(310288k free), swap 8951716k(4196k free)

vm_info: Java HotSpot(TM) 64-Bit Server VM (25.45-b02) for windows-amd64 JRE (1.8.0_45-b15), built on Apr 30 2015 12:40:44 by "java_re" with MS VC++ 10.0 (VS2010)

time: Fri Oct 23 14:50:33 2015
elapsed time: 27 seconds (0d 0h 0m 27s)

