#
# There is insufficient memory for the Java Runtime Environment to continue.
# Native memory allocation (malloc) failed to allocate 32744 bytes for ChunkPool::allocate
# Possible reasons:
#   The system is out of physical RAM or swap space
#   In 32 bit mode, the process size limit was hit
# Possible solutions:
#   Reduce memory load on the system
#   Increase physical memory or swap space
#   Check if swap backing store is full
#   Use 64 bit Java on a 64 bit OS
#   Decrease Java heap size (-Xmx/-Xms)
#   Decrease number of Java threads
#   Decrease Java thread stack sizes (-Xss)
#   Set larger code cache with -XX:ReservedCodeCacheSize=
# This output file may be truncated or incomplete.
#
#  Out of Memory Error (allocation.cpp:273), pid=6352, tid=11692
#
# JRE version: Java(TM) SE Runtime Environment (8.0_45-b15) (build 1.8.0_45-b15)
# Java VM: Java HotSpot(TM) 64-Bit Server VM (25.45-b02 mixed mode windows-amd64 compressed oops)
# Failed to write core dump. Minidumps are not enabled by default on client versions of Windows
#

---------------  T H R E A D  ---------------

Current thread (0x000000001502d800):  JavaThread "C2 CompilerThread1" daemon [_thread_in_native, id=11692, stack(0x0000000016a60000,0x0000000016b60000)]

Stack: [0x0000000016a60000,0x0000000016b60000]
Native frames: (J=compiled Java code, j=interpreted, Vv=VM code, C=native code)
V  [jvm.dll+0x32b57a]
V  [jvm.dll+0x279873]
V  [jvm.dll+0x27a509]
V  [jvm.dll+0x271825]
V  [jvm.dll+0xcb804]
V  [jvm.dll+0xcba27]
V  [jvm.dll+0xcbeac]
V  [jvm.dll+0x4975e0]
V  [jvm.dll+0x49766f]
V  [jvm.dll+0x45c1c5]
V  [jvm.dll+0x4af85d]
V  [jvm.dll+0x4b01c9]
V  [jvm.dll+0x45f433]
V  [jvm.dll+0x46a73b]
V  [jvm.dll+0x46cd52]
V  [jvm.dll+0x4500f2]
V  [jvm.dll+0xa4352]
V  [jvm.dll+0xa4c8f]
V  [jvm.dll+0x241984]
V  [jvm.dll+0x29853a]
C  [msvcr100.dll+0x21d9f]
C  [msvcr100.dll+0x21e3b]
C  [KERNEL32.DLL+0x12d92]
C  [ntdll.dll+0x9f64]


Current CompileTask:
C2:   6094  595       4       java.util.HashMap::get (23 bytes)


---------------  P R O C E S S  ---------------

Java Threads: ( => current thread )
  0x00000000168e3000 JavaThread "pool-1-thread-4" [_thread_blocked, id=14216, stack(0x0000000017260000,0x0000000017360000)]
  0x00000000168e2000 JavaThread "pool-1-thread-3" [_thread_blocked, id=6220, stack(0x0000000017160000,0x0000000017260000)]
  0x00000000168d8800 JavaThread "pool-1-thread-2" [_thread_blocked, id=15172, stack(0x0000000017060000,0x0000000017160000)]
  0x00000000168d4800 JavaThread "pool-2-thread-1" [_thread_blocked, id=7840, stack(0x0000000016f60000,0x0000000017060000)]
  0x00000000168d2000 JavaThread "pool-1-thread-1" [_thread_blocked, id=10024, stack(0x0000000016e60000,0x0000000016f60000)]
  0x00000000166bc800 JavaThread "Service Thread" daemon [_thread_blocked, id=6620, stack(0x0000000016c60000,0x0000000016d60000)]
  0x000000001502e000 JavaThread "C1 CompilerThread2" daemon [_thread_in_native, id=2656, stack(0x0000000016b60000,0x0000000016c60000)]
=>0x000000001502d800 JavaThread "C2 CompilerThread1" daemon [_thread_in_native, id=11692, stack(0x0000000016a60000,0x0000000016b60000)]
  0x000000001502b000 JavaThread "C2 CompilerThread0" daemon [_thread_in_native, id=14732, stack(0x0000000016560000,0x0000000016660000)]
  0x0000000014fde800 JavaThread "Attach Listener" daemon [_thread_blocked, id=14772, stack(0x0000000016460000,0x0000000016560000)]
  0x0000000014fdd800 JavaThread "Signal Dispatcher" daemon [_thread_blocked, id=6764, stack(0x0000000016360000,0x0000000016460000)]
  0x0000000002830800 JavaThread "Finalizer" daemon [_thread_blocked, id=7476, stack(0x0000000016260000,0x0000000016360000)]
  0x000000000282d000 JavaThread "Reference Handler" daemon [_thread_blocked, id=12908, stack(0x0000000016160000,0x0000000016260000)]
  0x00000000028fd800 JavaThread "main" [_thread_in_vm, id=3780, stack(0x00000000022b0000,0x00000000023b0000)]

Other Threads:
  0x0000000014f98000 VMThread [stack: 0x0000000016060000,0x0000000016160000] [id=14844]
  0x00000000166ce000 WatcherThread [stack: 0x0000000016d60000,0x0000000016e60000] [id=13856]

VM state:not at safepoint (normal execution)

VM Mutex/Monitor currently owned by a thread:  ([mutex/lock_event])
[0x0000000002740dd0] MethodData_lock - owner thread: 0x00000000028fd800

Heap:
 PSYoungGen      total 18432K, used 12340K [0x00000000eab00000, 0x00000000ebf80000, 0x0000000100000000)
  eden space 15872K, 77% used [0x00000000eab00000,0x00000000eb70d240,0x00000000eba80000)
  from space 2560K, 0% used [0x00000000ebd00000,0x00000000ebd00000,0x00000000ebf80000)
  to   space 2560K, 0% used [0x00000000eba80000,0x00000000eba80000,0x00000000ebd00000)
 ParOldGen       total 42496K, used 0K [0x00000000c0000000, 0x00000000c2980000, 0x00000000eab00000)
  object space 42496K, 0% used [0x00000000c0000000,0x00000000c0000000,0x00000000c2980000)
 Metaspace       used 5458K, capacity 6512K, committed 6784K, reserved 1056768K
  class space    used 584K, capacity 616K, committed 640K, reserved 1048576K

Card table byte_map: [0x0000000011cc0000,0x0000000011ed0000] byte_map_base: 0x00000000116c0000

Marking Bits: (ParMarkBitMap*) 0x000000005c924040
 Begin Bits: [0x0000000012430000, 0x0000000013430000)
 End Bits:   [0x0000000013430000, 0x0000000014430000)

Polling page: 0x00000000023b0000

CodeCache: size=245760Kb used=2275Kb max_used=2286Kb free=243484Kb
 bounds [0x0000000002900000, 0x0000000002b70000, 0x0000000011900000]
 total_blobs=856 nmethods=585 adapters=184
 compilation: enabled

Compilation events (10 events):
Event: 6.059 Thread 0x000000001502e000 nmethod 589 0x0000000002b36050 code [0x0000000002b361a0, 0x0000000002b36350]
Event: 6.059 Thread 0x000000001502e000  573       3       com.android.dx.dex.code.OutputCollector::add (9 bytes)
Event: 6.059 Thread 0x000000001502e000 nmethod 573 0x0000000002b37910 code [0x0000000002b37ac0, 0x0000000002b380b8]
Event: 6.059 Thread 0x000000001502e000  574       3       com.android.dx.dex.code.OutputFinisher::updateInfo (44 bytes)
Event: 6.060 Thread 0x000000001502d800 nmethod 592 0x0000000002b39dd0 code [0x0000000002b39f20, 0x0000000002b3a198]
Event: 6.060 Thread 0x000000001502e000 nmethod 574 0x0000000002b372d0 code [0x0000000002b37440, 0x0000000002b37808]
Event: 6.060 Thread 0x000000001502e000  556   !   3       com.android.dx.cf.code.BytecodeArray::parseInstruction (2764 bytes)
Event: 6.060 Thread 0x000000001502d800  595       4       java.util.HashMap::get (23 bytes)
Event: 6.066 Thread 0x000000001502b000 nmethod 587 0x0000000002b3a290 code [0x0000000002b3a520, 0x0000000002b3adf0]
Event: 6.067 Thread 0x000000001502b000  596       4       com.android.dx.util.IntList::add (65 bytes)

GC Heap History (0 events):
No events

Deoptimization events (2 events):
Event: 3.333 Thread 0x00000000028fd800 Uncommon trap: reason=unstable_if action=reinterpret pc=0x0000000002a586d4 method=java.lang.String.indexOf(II)I @ 49
Event: 5.672 Thread 0x00000000168d8800 Uncommon trap: reason=unstable_if action=reinterpret pc=0x0000000002b29714 method=java.util.HashMap.getNode(ILjava/lang/Object;)Ljava/util/HashMap$Node; @ 129

Internal exceptions (2 events):
Event: 1.588 Thread 0x00000000028fd800 Exception <a 'java/lang/NoSuchMethodError': Method sun.misc.Unsafe.defineClass(Ljava/lang/String;[BII)Ljava/lang/Class; name or signature does not match> (0x00000000eab12f18) thrown at [C:\re\workspace\8-2-build-windows-amd64-cygwin\jdk8u45\3627\hotspot\sróÒëè‚g˘?
Event: 1.588 Thread 0x00000000028fd800 Exception <a 'java/lang/NoSuchMethodError': Method sun.misc.Unsafe.prefetchRead(Ljava/lang/Object;J)V name or signature does not match> (0x00000000eab131a8) thrown at [C:\re\workspace\8-2-build-windows-amd64-cygwin\jdk8u45\3627\hotspot\src\share\vm\prims\j

Events (10 events):
Event: 5.643 loading class com/android/dx/cf/code/Ropper$ExceptionHandlerSetup done
Event: 5.646 loading class java/util/HashMap$Values
Event: 5.647 loading class java/util/HashMap$Values done
Event: 5.647 loading class java/util/HashMap$ValueIterator
Event: 5.647 loading class java/util/HashMap$ValueIterator done
Event: 5.655 loading class java/util/DualPivotQuicksort
Event: 5.659 loading class java/util/DualPivotQuicksort done
Event: 5.672 Thread 0x00000000168d8800 Uncommon trap: trap_request=0xffffff65 fr.pc=0x0000000002b29714
Event: 5.672 Thread 0x00000000168d8800 DEOPT PACKING pc=0x0000000002b29714 sp=0x000000001715ef90
Event: 5.672 Thread 0x00000000168d8800 DEOPT UNPACKING pc=0x000000000294582a sp=0x000000001715ef08 mode 2


Dynamic libraries:
0x00007ff65bcb0000 - 0x00007ff65bce7000 	C:\Program Files\Java\jdk1.8.0_45\bin\java.exe
0x00007ffd9c910000 - 0x00007ffd9cad1000 	C:\WINDOWS\SYSTEM32\ntdll.dll
0x00007ffd9a7e0000 - 0x00007ffd9a88d000 	C:\WINDOWS\system32\KERNEL32.DLL
0x00007ffd995f0000 - 0x00007ffd997cd000 	C:\WINDOWS\system32\KERNELBASE.dll
0x00007ffd9c710000 - 0x00007ffd9c7b6000 	C:\WINDOWS\system32\ADVAPI32.dll
0x00007ffd9a160000 - 0x00007ffd9a1fd000 	C:\WINDOWS\system32\msvcrt.dll
0x00007ffd9bf90000 - 0x00007ffd9bfeb000 	C:\WINDOWS\system32\sechost.dll
0x00007ffd9c7c0000 - 0x00007ffd9c8e6000 	C:\WINDOWS\system32\RPCRT4.dll
0x00007ffd9a200000 - 0x00007ffd9a34e000 	C:\WINDOWS\system32\USER32.dll
0x00007ffd99fc0000 - 0x00007ffd9a146000 	C:\WINDOWS\system32\GDI32.dll
0x00007ffd86120000 - 0x00007ffd86394000 	C:\WINDOWS\WinSxS\amd64_microsoft.windows.common-controls_6595b64144ccf1df_6.0.10240.16384_none_f41f7b285750ef43\COMCTL32.dll
0x00007ffd9a3c0000 - 0x00007ffd9a3f6000 	C:\WINDOWS\system32\IMM32.DLL
0x00007ffd9bff0000 - 0x00007ffd9c14c000 	C:\WINDOWS\system32\MSCTF.dll
0x000000005dba0000 - 0x000000005dc72000 	C:\Program Files\Java\jdk1.8.0_45\jre\bin\msvcr100.dll
0x000000005c120000 - 0x000000005c9a3000 	C:\Program Files\Java\jdk1.8.0_45\jre\bin\server\jvm.dll
0x00007ffd9c2a0000 - 0x00007ffd9c2a8000 	C:\WINDOWS\system32\PSAPI.DLL
0x00007ffd90450000 - 0x00007ffd90459000 	C:\WINDOWS\SYSTEM32\WSOCK32.dll
0x00007ffd9a350000 - 0x00007ffd9a3b9000 	C:\WINDOWS\system32\WS2_32.dll
0x00007ffd9a150000 - 0x00007ffd9a158000 	C:\WINDOWS\system32\NSI.dll
0x00007ffd97390000 - 0x00007ffd973b3000 	C:\WINDOWS\SYSTEM32\WINMM.dll
0x00007ffd91ca0000 - 0x00007ffd91caa000 	C:\WINDOWS\SYSTEM32\VERSION.dll
0x00007ffd97360000 - 0x00007ffd9738c000 	C:\WINDOWS\SYSTEM32\WINMMBASE.dll
0x00007ffd99890000 - 0x00007ffd998d4000 	C:\WINDOWS\system32\cfgmgr32.dll
0x00007ffd97bf0000 - 0x00007ffd97c17000 	C:\WINDOWS\SYSTEM32\DEVOBJ.dll
0x000000005f960000 - 0x000000005f96f000 	C:\Program Files\Java\jdk1.8.0_45\jre\bin\verify.dll
0x000000005f930000 - 0x000000005f959000 	C:\Program Files\Java\jdk1.8.0_45\jre\bin\java.dll
0x000000005c100000 - 0x000000005c116000 	C:\Program Files\Java\jdk1.8.0_45\jre\bin\zip.dll
0x00007ffd9a890000 - 0x00007ffd9bdb2000 	C:\WINDOWS\system32\SHELL32.dll
0x00007ffd998e0000 - 0x00007ffd99f08000 	C:\WINDOWS\system32\windows.storage.dll
0x00007ffd9c490000 - 0x00007ffd9c70c000 	C:\WINDOWS\system32\combase.dll
0x00007ffd9a510000 - 0x00007ffd9a561000 	C:\WINDOWS\system32\shlwapi.dll
0x00007ffd99320000 - 0x00007ffd9932f000 	C:\WINDOWS\system32\kernel.appcore.dll
0x00007ffd997d0000 - 0x00007ffd99883000 	C:\WINDOWS\system32\shcore.dll
0x00007ffd99330000 - 0x00007ffd9937a000 	C:\WINDOWS\system32\powrprof.dll
0x00007ffd99380000 - 0x00007ffd99393000 	C:\WINDOWS\system32\profapi.dll
0x00007ffd90240000 - 0x00007ffd903ca000 	C:\WINDOWS\SYSTEM32\dbghelp.dll

VM Arguments:
jvm_args: -Xmx1024M -Dfile.encoding=x-windows-949 -Duser.country=KR -Duser.language=ko -Duser.variant 
java_command: com.android.dx.command.Main --dex --num-threads=4 --output C:\Users\ICo\Documents\GitHub\IoTUmbrella_Friendly\app\build\intermediates\pre-dexed\debug\internal_impl-23.0.1-220812e8aae8b021719bf180b44c983946a961b3.jar C:\Users\ICo\Documents\GitHub\IoTUmbrella_Friendly\app\build\intermediates\exploded-aar\com.android.support\support-v4\23.0.1\jars\libs\internal_impl-23.0.1.jar
java_class_path (initial): C:\Users\ICo\AppData\Local\Android\sdk\build-tools\23.0.1\lib\dx.jar
Launcher Type: SUN_STANDARD

Environment Variables:
PATH=C:\app\ICo\product\12.1.0\dbhome_1\bin;C:\Program Files (x86)\Wizvera\Delfino;C:\ProgramData\Oracle\Java\javapath;C:\Program Files (x86)\Intel\iCLS Client\;C:\Program Files\Intel\iCLS Client\;C:\Program Files\Common Files\Microsoft Shared\Windows Live;C:\Program Files (x86)\Common Files\Microsoft Shared\Windows Live;C:\WINDOWS\system32;C:\WINDOWS;C:\WINDOWS\System32\Wbem;C:\WINDOWS\System32\WindowsPowerShell\v1.0\;C:\Program Files (x86)\Windows Live\Shared;C:\Program Files\Intel\Intel(R) Management Engine Components\DAL;C:\Program Files\Intel\Intel(R) Management Engine Components\IPT;C:\Program Files (x86)\Intel\Intel(R) Management Engine Components\DAL;C:\Program Files (x86)\Intel\Intel(R) Management Engine Components\IPT;C:\Program Files (x86)\Intel\OpenCL SDK\2.0\bin\x86;C:\Program Files (x86)\Intel\OpenCL SDK\2.0\bin\x64;C:\Program Files\Intel\WiFi\bin\;C:\Program Files\Common Files\Intel\WirelessCommon\;C:\Program Files\Microsoft\Web Platform Installer\;C:\Program Files (x86)\Microsoft ASP.NET\ASP.NET Web Pages\v1.0\;C:\Program Files\Microsoft SQL Server\110\Tools\Binn\;C:\Program Files\nodejs\;C:\Users\ICo\AppData\Roaming\npm
USERNAME=ICo
OS=Windows_NT
PROCESSOR_IDENTIFIER=Intel64 Family 6 Model 58 Stepping 9, GenuineIntel



---------------  S Y S T E M  ---------------

OS: Windows 10.0 , 64 bit Build 10240 (10.0.10240.16384)

CPU:total 4 (2 cores per cpu, 2 threads per core) family 6 model 58 stepping 9, cmov, cx8, fxsr, mmx, sse, sse2, sse3, ssse3, sse4.1, sse4.2, popcnt, avx, aes, clmul, erms, ht, tsc, tscinvbit, tscinv

Memory: 4k page, physical 4052296k(339348k free), swap 8951716k(488k free)

vm_info: Java HotSpot(TM) 64-Bit Server VM (25.45-b02) for windows-amd64 JRE (1.8.0_45-b15), built on Apr 30 2015 12:40:44 by "java_re" with MS VC++ 10.0 (VS2010)

time: Fri Oct 23 14:55:24 2015
elapsed time: 6 seconds (0d 0h 0m 6s)

