#
# There is insufficient memory for the Java Runtime Environment to continue.
# Native memory allocation (malloc) failed to allocate 1048576 bytes for AllocateHeap
# Possible reasons:
#   The system is out of physical RAM or swap space
#   In 32 bit mode, the process size limit was hit
# Possible solutions:
#   Reduce memory load on the system
#   Increase physical memory or swap space
#   Check if swap backing store is full
#   Use 64 bit Java on a 64 bit OS
#   Decrease Java heap size (-Xmx/-Xms)
#   Decrease number of Java threads
#   Decrease Java thread stack sizes (-Xss)
#   Set larger code cache with -XX:ReservedCodeCacheSize=
# This output file may be truncated or incomplete.
#
#  Out of Memory Error (memory/allocation.inline.hpp:61), pid=14876, tid=12252
#
# JRE version:  (8.0_45-b15) (build )
# Java VM: Java HotSpot(TM) 64-Bit Server VM (25.45-b02 mixed mode windows-amd64 compressed oops)
# Failed to write core dump. Minidumps are not enabled by default on client versions of Windows
#

---------------  T H R E A D  ---------------

Current thread (0x00000000028cd800):  JavaThread "Unknown thread" [_thread_in_vm, id=12252, stack(0x0000000002750000,0x0000000002850000)]

Stack: [0x0000000002750000,0x0000000002850000]
Native frames: (J=compiled Java code, j=interpreted, Vv=VM code, C=native code)
V  [jvm.dll+0x32b57a]
V  [jvm.dll+0x279873]
V  [jvm.dll+0x27a509]
V  [jvm.dll+0x271825]
V  [jvm.dll+0x1606]
V  [jvm.dll+0x3f7fb2]
V  [jvm.dll+0x3f898f]
V  [jvm.dll+0x3f8a5d]
V  [jvm.dll+0x3f8c26]
V  [jvm.dll+0xf2cf2]
V  [jvm.dll+0x20f0c9]
V  [jvm.dll+0x240e0a]
V  [jvm.dll+0x15ba41]
C  [java.exe+0x216e]
C  [java.exe+0xcce7]
C  [java.exe+0xcd7b]
C  [KERNEL32.DLL+0x12d92]
C  [ntdll.dll+0x9f64]


---------------  P R O C E S S  ---------------

Java Threads: ( => current thread )

Other Threads:

=>0x00000000028cd800 (exited) JavaThread "Unknown thread" [_thread_in_vm, id=12252, stack(0x0000000002750000,0x0000000002850000)]

VM state:not at safepoint (normal execution)

VM Mutex/Monitor currently owned by a thread: None

Heap:
 PSYoungGen      total 18432K, used 317K [0x00000000eab00000, 0x00000000ebf80000, 0x0000000100000000)
  eden space 15872K, 2% used [0x00000000eab00000,0x00000000eab4f5d0,0x00000000eba80000)
  from space 2560K, 0% used [0x00000000ebd00000,0x00000000ebd00000,0x00000000ebf80000)
  to   space 2560K, 0% used [0x00000000eba80000,0x00000000eba80000,0x00000000ebd00000)
 ParOldGen       total 42496K, used 0K [0x00000000c0000000, 0x00000000c2980000, 0x00000000eab00000)
  object space 42496K, 0% used [0x00000000c0000000,0x00000000c0000000,0x00000000c2980000)
 Metaspace       used 766K, capacity 4480K, committed 4480K, reserved 1056768K
  class space    used 75K, capacity 384K, committed 384K, reserved 1048576K

Card table byte_map: [0x0000000012110000,0x0000000012320000] byte_map_base: 0x0000000011b10000

Marking Bits: (ParMarkBitMap*) 0x000000005c924040
 Begin Bits: [0x0000000012880000, 0x0000000013880000)
 End Bits:   [0x0000000013880000, 0x0000000014880000)

Polling page: 0x0000000001010000

CodeCache: size=245760Kb used=328Kb max_used=328Kb free=245431Kb
 bounds [0x0000000002d50000, 0x0000000002fc0000, 0x0000000011d50000]
 total_blobs=57 nmethods=0 adapters=37
 compilation: enabled

Compilation events (0 events):
No events

GC Heap History (0 events):
No events

Deoptimization events (0 events):
No events

Internal exceptions (0 events):
No events

Events (10 events):
Event: 0.060 loading class java/lang/Short
Event: 0.060 loading class java/lang/Short done
Event: 0.060 loading class java/lang/Integer
Event: 0.062 loading class java/lang/Integer done
Event: 0.062 loading class java/lang/Long
Event: 0.063 loading class java/lang/Long done
Event: 0.064 loading class java/lang/NullPointerException
Event: 0.064 loading class java/lang/NullPointerException done
Event: 0.064 loading class java/lang/ArithmeticException
Event: 0.064 loading class java/lang/ArithmeticException done


Dynamic libraries:
0x00007ff65bcb0000 - 0x00007ff65bce7000 	C:\Program Files\Java\jdk1.8.0_45\bin\java.exe
0x00007ffd9c910000 - 0x00007ffd9cad1000 	C:\WINDOWS\SYSTEM32\ntdll.dll
0x00007ffd9a7e0000 - 0x00007ffd9a88d000 	C:\WINDOWS\system32\KERNEL32.DLL
0x00007ffd995f0000 - 0x00007ffd997cd000 	C:\WINDOWS\system32\KERNELBASE.dll
0x00007ffd9c710000 - 0x00007ffd9c7b6000 	C:\WINDOWS\system32\ADVAPI32.dll
0x00007ffd9a160000 - 0x00007ffd9a1fd000 	C:\WINDOWS\system32\msvcrt.dll
0x00007ffd9bf90000 - 0x00007ffd9bfeb000 	C:\WINDOWS\system32\sechost.dll
0x00007ffd9c7c0000 - 0x00007ffd9c8e6000 	C:\WINDOWS\system32\RPCRT4.dll
0x00007ffd9a200000 - 0x00007ffd9a34e000 	C:\WINDOWS\system32\USER32.dll
0x00007ffd99fc0000 - 0x00007ffd9a146000 	C:\WINDOWS\system32\GDI32.dll
0x00007ffd86120000 - 0x00007ffd86394000 	C:\WINDOWS\WinSxS\amd64_microsoft.windows.common-controls_6595b64144ccf1df_6.0.10240.16384_none_f41f7b285750ef43\COMCTL32.dll
0x00007ffd9a3c0000 - 0x00007ffd9a3f6000 	C:\WINDOWS\system32\IMM32.DLL
0x00007ffd9bff0000 - 0x00007ffd9c14c000 	C:\WINDOWS\system32\MSCTF.dll
0x000000005dba0000 - 0x000000005dc72000 	C:\Program Files\Java\jdk1.8.0_45\jre\bin\msvcr100.dll
0x000000005c120000 - 0x000000005c9a3000 	C:\Program Files\Java\jdk1.8.0_45\jre\bin\server\jvm.dll
0x00007ffd9c2a0000 - 0x00007ffd9c2a8000 	C:\WINDOWS\system32\PSAPI.DLL
0x00007ffd90450000 - 0x00007ffd90459000 	C:\WINDOWS\SYSTEM32\WSOCK32.dll
0x00007ffd9a350000 - 0x00007ffd9a3b9000 	C:\WINDOWS\system32\WS2_32.dll
0x00007ffd9a150000 - 0x00007ffd9a158000 	C:\WINDOWS\system32\NSI.dll
0x00007ffd97390000 - 0x00007ffd973b3000 	C:\WINDOWS\SYSTEM32\WINMM.dll
0x00007ffd91ca0000 - 0x00007ffd91caa000 	C:\WINDOWS\SYSTEM32\VERSION.dll
0x00007ffd97360000 - 0x00007ffd9738c000 	C:\WINDOWS\SYSTEM32\WINMMBASE.dll
0x00007ffd99890000 - 0x00007ffd998d4000 	C:\WINDOWS\system32\cfgmgr32.dll
0x00007ffd97bf0000 - 0x00007ffd97c17000 	C:\WINDOWS\SYSTEM32\DEVOBJ.dll
0x000000005f960000 - 0x000000005f96f000 	C:\Program Files\Java\jdk1.8.0_45\jre\bin\verify.dll
0x000000005f930000 - 0x000000005f959000 	C:\Program Files\Java\jdk1.8.0_45\jre\bin\java.dll
0x000000005c100000 - 0x000000005c116000 	C:\Program Files\Java\jdk1.8.0_45\jre\bin\zip.dll
0x00007ffd90240000 - 0x00007ffd903ca000 	C:\WINDOWS\SYSTEM32\dbghelp.dll

VM Arguments:
jvm_args: -Xmx1024M -Dfile.encoding=x-windows-949 -Duser.country=KR -Duser.language=ko -Duser.variant 
java_command: com.android.dx.command.Main --dex --num-threads=4 --output C:\Users\ICo\Documents\GitHub\IoTUmbrella_Friendly\app\build\intermediates\pre-dexed\debug\classes-5b14e25fd3faed0bd71865530bc6f020f8c610f4.jar C:\Users\ICo\Documents\GitHub\IoTUmbrella_Friendly\app\build\intermediates\exploded-aar\com.android.support\design\23.0.1\jars\classes.jar
java_class_path (initial): C:\Users\ICo\AppData\Local\Android\sdk\build-tools\23.0.1\lib\dx.jar
Launcher Type: SUN_STANDARD

Environment Variables:
PATH=C:\app\ICo\product\12.1.0\dbhome_1\bin;C:\Program Files (x86)\Wizvera\Delfino;C:\ProgramData\Oracle\Java\javapath;C:\Program Files (x86)\Intel\iCLS Client\;C:\Program Files\Intel\iCLS Client\;C:\Program Files\Common Files\Microsoft Shared\Windows Live;C:\Program Files (x86)\Common Files\Microsoft Shared\Windows Live;C:\WINDOWS\system32;C:\WINDOWS;C:\WINDOWS\System32\Wbem;C:\WINDOWS\System32\WindowsPowerShell\v1.0\;C:\Program Files (x86)\Windows Live\Shared;C:\Program Files\Intel\Intel(R) Management Engine Components\DAL;C:\Program Files\Intel\Intel(R) Management Engine Components\IPT;C:\Program Files (x86)\Intel\Intel(R) Management Engine Components\DAL;C:\Program Files (x86)\Intel\Intel(R) Management Engine Components\IPT;C:\Program Files (x86)\Intel\OpenCL SDK\2.0\bin\x86;C:\Program Files (x86)\Intel\OpenCL SDK\2.0\bin\x64;C:\Program Files\Intel\WiFi\bin\;C:\Program Files\Common Files\Intel\WirelessCommon\;C:\Program Files\Microsoft\Web Platform Installer\;C:\Program Files (x86)\Microsoft ASP.NET\ASP.NET Web Pages\v1.0\;C:\Program Files\Microsoft SQL Server\110\Tools\Binn\;C:\Program Files\nodejs\;C:\Users\ICo\AppData\Roaming\npm
USERNAME=ICo
OS=Windows_NT
PROCESSOR_IDENTIFIER=Intel64 Family 6 Model 58 Stepping 9, GenuineIntel



---------------  S Y S T E M  ---------------

OS: Windows 10.0 , 64 bit Build 10240 (10.0.10240.16384)

CPU:total 4 (2 cores per cpu, 2 threads per core) family 6 model 58 stepping 9, cmov, cx8, fxsr, mmx, sse, sse2, sse3, ssse3, sse4.1, sse4.2, popcnt, avx, aes, clmul, erms, ht, tsc, tscinvbit, tscinv

Memory: 4k page, physical 4052296k(288404k free), swap 8951716k(2660k free)

vm_info: Java HotSpot(TM) 64-Bit Server VM (25.45-b02) for windows-amd64 JRE (1.8.0_45-b15), built on Apr 30 2015 12:40:44 by "java_re" with MS VC++ 10.0 (VS2010)

time: Fri Oct 23 14:49:42 2015
elapsed time: 0 seconds (0d 0h 0m 0s)

