#
# There is insufficient memory for the Java Runtime Environment to continue.
# Native memory allocation (malloc) failed to allocate 335296 bytes for Chunk::new
# Possible reasons:
#   The system is out of physical RAM or swap space
#   In 32 bit mode, the process size limit was hit
# Possible solutions:
#   Reduce memory load on the system
#   Increase physical memory or swap space
#   Check if swap backing store is full
#   Use 64 bit Java on a 64 bit OS
#   Decrease Java heap size (-Xmx/-Xms)
#   Decrease number of Java threads
#   Decrease Java thread stack sizes (-Xss)
#   Set larger code cache with -XX:ReservedCodeCacheSize=
# This output file may be truncated or incomplete.
#
#  Out of Memory Error (allocation.cpp:390), pid=5788, tid=7492
#
# JRE version: Java(TM) SE Runtime Environment (8.0_45-b15) (build 1.8.0_45-b15)
# Java VM: Java HotSpot(TM) 64-Bit Server VM (25.45-b02 mixed mode windows-amd64 compressed oops)
# Failed to write core dump. Minidumps are not enabled by default on client versions of Windows
#

---------------  T H R E A D  ---------------

Current thread (0x0000000016a91800):  JavaThread "C2 CompilerThread0" daemon [_thread_in_native, id=7492, stack(0x0000000016e90000,0x0000000016f90000)]

Stack: [0x0000000016e90000,0x0000000016f90000]
Native frames: (J=compiled Java code, j=interpreted, Vv=VM code, C=native code)
V  [jvm.dll+0x32b57a]
V  [jvm.dll+0x279873]
V  [jvm.dll+0x27a509]
V  [jvm.dll+0x271825]
V  [jvm.dll+0xcb9e2]
V  [jvm.dll+0xcbeac]
V  [jvm.dll+0x476ef2]
V  [jvm.dll+0x4b955f]
V  [jvm.dll+0x46bf81]
V  [jvm.dll+0x46ccbe]
V  [jvm.dll+0x4500f2]
V  [jvm.dll+0xa4352]
V  [jvm.dll+0xa4c8f]
V  [jvm.dll+0x241984]
V  [jvm.dll+0x29853a]
C  [msvcr100.dll+0x21d9f]
C  [msvcr100.dll+0x21e3b]
C  [KERNEL32.DLL+0x12d92]
C  [ntdll.dll+0x9f64]


Current CompileTask:
C2:  14258 3155   !   4       com.android.dex.Dex$Section::readString (172 bytes)


---------------  P R O C E S S  ---------------

Java Threads: ( => current thread )
  0x0000000016b16000 JavaThread "Service Thread" daemon [_thread_blocked, id=7408, stack(0x0000000017190000,0x0000000017290000)]
  0x0000000016a98800 JavaThread "C1 CompilerThread2" daemon [_thread_blocked, id=7364, stack(0x0000000017090000,0x0000000017190000)]
  0x0000000016a93000 JavaThread "C2 CompilerThread1" daemon [_thread_in_native, id=7488, stack(0x0000000016f90000,0x0000000017090000)]
=>0x0000000016a91800 JavaThread "C2 CompilerThread0" daemon [_thread_in_native, id=7492, stack(0x0000000016e90000,0x0000000016f90000)]
  0x0000000015550000 JavaThread "Attach Listener" daemon [_thread_blocked, id=7948, stack(0x0000000016990000,0x0000000016a90000)]
  0x000000001554e800 JavaThread "Signal Dispatcher" daemon [_thread_blocked, id=2952, stack(0x0000000016890000,0x0000000016990000)]
  0x0000000002e63000 JavaThread "Finalizer" daemon [_thread_blocked, id=9668, stack(0x0000000016790000,0x0000000016890000)]
  0x0000000015509800 JavaThread "Reference Handler" daemon [_thread_blocked, id=5684, stack(0x0000000016690000,0x0000000016790000)]
  0x0000000002d73800 JavaThread "main" [_thread_in_Java, id=4132, stack(0x0000000002c30000,0x0000000002d30000)]

Other Threads:
  0x0000000015507800 VMThread [stack: 0x0000000016590000,0x0000000016690000] [id=8072]
  0x0000000016b17000 WatcherThread [stack: 0x0000000017290000,0x0000000017390000] [id=7376]

VM state:not at safepoint (normal execution)

VM Mutex/Monitor currently owned by a thread: None

Heap:
 PSYoungGen      total 216576K, used 149143K [0x00000000eab00000, 0x00000000f8e00000, 0x0000000100000000)
  eden space 200704K, 74% used [0x00000000eab00000,0x00000000f3ca5ff0,0x00000000f6f00000)
  from space 15872K, 0% used [0x00000000f6f00000,0x00000000f6f00000,0x00000000f7e80000)
  to   space 15872K, 0% used [0x00000000f7e80000,0x00000000f7e80000,0x00000000f8e00000)
 ParOldGen       total 65024K, used 30306K [0x00000000c0000000, 0x00000000c3f80000, 0x00000000eab00000)
  object space 65024K, 46% used [0x00000000c0000000,0x00000000c1d98a50,0x00000000c3f80000)
 Metaspace       used 8330K, capacity 8474K, committed 8576K, reserved 1056768K
  class space    used 791K, capacity 821K, committed 896K, reserved 1048576K

Card table byte_map: [0x0000000012230000,0x0000000012440000] byte_map_base: 0x0000000011c30000

Marking Bits: (ParMarkBitMap*) 0x0000000053944040
 Begin Bits: [0x00000000129a0000, 0x00000000139a0000)
 End Bits:   [0x00000000139a0000, 0x00000000149a0000)

Polling page: 0x00000000010d0000

CodeCache: size=245760Kb used=11658Kb max_used=11673Kb free=234101Kb
 bounds [0x0000000002e70000, 0x00000000039f0000, 0x0000000011e70000]
 total_blobs=3440 nmethods=3142 adapters=210
 compilation: enabled

Compilation events (10 events):
Event: 14.100 Thread 0x0000000016a91800 nmethod 3147% 0x00000000039d9c50 code [0x00000000039d9da0, 0x00000000039da158]
Event: 14.101 Thread 0x0000000016a91800 3150       4       com.android.dex.Mutf8::countBytes (98 bytes)
Event: 14.105 Thread 0x0000000016a91800 nmethod 3150 0x00000000039da390 code [0x00000000039da4e0, 0x00000000039da798]
Event: 14.127 Thread 0x0000000016a93000 nmethod 3148% 0x00000000039d7690 code [0x00000000039d77e0, 0x00000000039d83f8]
Event: 14.139 Thread 0x0000000016a91800 3151       4       com.android.dex.Mutf8::encode (153 bytes)
Event: 14.150 Thread 0x0000000016a91800 nmethod 3151 0x00000000039dcc90 code [0x00000000039dcde0, 0x00000000039dd418]
Event: 14.151 Thread 0x0000000016a93000 3152       4       com.android.dx.merge.DexMerger$1::read (8 bytes)
Event: 14.151 Thread 0x0000000016a91800 3153       4       com.android.dx.merge.DexMerger$1::write (9 bytes)
Event: 14.185 Thread 0x0000000016a91800 nmethod 3153 0x00000000039dfd10 code [0x00000000039dfee0, 0x00000000039e0da8]
Event: 14.185 Thread 0x0000000016a91800 3155   !   4       com.android.dex.Dex$Section::readString (172 bytes)

GC Heap History (10 events):
Event: 11.218 GC heap before
{Heap before GC invocations=8 (full 0):
 PSYoungGen      total 140800K, used 137638K [0x00000000eab00000, 0x00000000f4500000, 0x0000000100000000)
  eden space 125440K, 100% used [0x00000000eab00000,0x00000000f2580000,0x00000000f2580000)
  from space 15360K, 79% used [0x00000000f2580000,0x00000000f3169948,0x00000000f3480000)
  to   space 13824K, 0% used [0x00000000f3480000,0x00000000f3480000,0x00000000f4200000)
 ParOldGen       total 42496K, used 24544K [0x00000000c0000000, 0x00000000c2980000, 0x00000000eab00000)
  object space 42496K, 57% used [0x00000000c0000000,0x00000000c17f8050,0x00000000c2980000)
 Metaspace       used 8310K, capacity 8474K, committed 8576K, reserved 1056768K
  class space    used 791K, capacity 821K, committed 896K, reserved 1048576K
Event: 11.232 GC heap after
Heap after GC invocations=8 (full 0):
 PSYoungGen      total 139264K, used 11274K [0x00000000eab00000, 0x00000000f4500000, 0x0000000100000000)
  eden space 125440K, 0% used [0x00000000eab00000,0x00000000eab00000,0x00000000f2580000)
  from space 13824K, 81% used [0x00000000f3480000,0x00000000f3f82978,0x00000000f4200000)
  to   space 15360K, 0% used [0x00000000f2580000,0x00000000f2580000,0x00000000f3480000)
 ParOldGen       total 42496K, used 29016K [0x00000000c0000000, 0x00000000c2980000, 0x00000000eab00000)
  object space 42496K, 68% used [0x00000000c0000000,0x00000000c1c56080,0x00000000c2980000)
 Metaspace       used 8310K, capacity 8474K, committed 8576K, reserved 1056768K
  class space    used 791K, capacity 821K, committed 896K, reserved 1048576K
}
Event: 11.846 GC heap before
{Heap before GC invocations=9 (full 0):
 PSYoungGen      total 139264K, used 136714K [0x00000000eab00000, 0x00000000f4500000, 0x0000000100000000)
  eden space 125440K, 100% used [0x00000000eab00000,0x00000000f2580000,0x00000000f2580000)
  from space 13824K, 81% used [0x00000000f3480000,0x00000000f3f82978,0x00000000f4200000)
  to   space 15360K, 0% used [0x00000000f2580000,0x00000000f2580000,0x00000000f3480000)
 ParOldGen       total 42496K, used 29016K [0x00000000c0000000, 0x00000000c2980000, 0x00000000eab00000)
  object space 42496K, 68% used [0x00000000c0000000,0x00000000c1c56080,0x00000000c2980000)
 Metaspace       used 8318K, capacity 8474K, committed 8576K, reserved 1056768K
  class space    used 791K, capacity 821K, committed 896K, reserved 1048576K
Event: 11.852 GC heap after
Heap after GC invocations=9 (full 0):
 PSYoungGen      total 140800K, used 8938K [0x00000000eab00000, 0x00000000f8e00000, 0x0000000100000000)
  eden space 125440K, 0% used [0x00000000eab00000,0x00000000eab00000,0x00000000f2580000)
  from space 15360K, 58% used [0x00000000f2580000,0x00000000f2e3a9f0,0x00000000f3480000)
  to   space 15872K, 0% used [0x00000000f7e80000,0x00000000f7e80000,0x00000000f8e00000)
 ParOldGen       total 42496K, used 30183K [0x00000000c0000000, 0x00000000c2980000, 0x00000000eab00000)
  object space 42496K, 71% used [0x00000000c0000000,0x00000000c1d79dd0,0x00000000c2980000)
 Metaspace       used 8318K, capacity 8474K, committed 8576K, reserved 1056768K
  class space    used 791K, capacity 821K, committed 896K, reserved 1048576K
}
Event: 12.399 GC heap before
{Heap before GC invocations=10 (full 0):
 PSYoungGen      total 140800K, used 134261K [0x00000000eab00000, 0x00000000f8e00000, 0x0000000100000000)
  eden space 125440K, 99% used [0x00000000eab00000,0x00000000f2562b88,0x00000000f2580000)
  from space 15360K, 58% used [0x00000000f2580000,0x00000000f2e3a9f0,0x00000000f3480000)
  to   space 15872K, 0% used [0x00000000f7e80000,0x00000000f7e80000,0x00000000f8e00000)
 ParOldGen       total 42496K, used 30183K [0x00000000c0000000, 0x00000000c2980000, 0x00000000eab00000)
  object space 42496K, 71% used [0x00000000c0000000,0x00000000c1d79dd0,0x00000000c2980000)
 Metaspace       used 8320K, capacity 8474K, committed 8576K, reserved 1056768K
  class space    used 791K, capacity 821K, committed 896K, reserved 1048576K
Event: 12.407 GC heap after
Heap after GC invocations=10 (full 0):
 PSYoungGen      total 216576K, used 10534K [0x00000000eab00000, 0x00000000f8e00000, 0x0000000100000000)
  eden space 200704K, 0% used [0x00000000eab00000,0x00000000eab00000,0x00000000f6f00000)
  from space 15872K, 66% used [0x00000000f7e80000,0x00000000f88c9980,0x00000000f8e00000)
  to   space 15872K, 0% used [0x00000000f6f00000,0x00000000f6f00000,0x00000000f7e80000)
 ParOldGen       total 42496K, used 30183K [0x00000000c0000000, 0x00000000c2980000, 0x00000000eab00000)
  object space 42496K, 71% used [0x00000000c0000000,0x00000000c1d79dd0,0x00000000c2980000)
 Metaspace       used 8320K, capacity 8474K, committed 8576K, reserved 1056768K
  class space    used 791K, capacity 821K, committed 896K, reserved 1048576K
}
Event: 13.420 GC heap before
{Heap before GC invocations=11 (full 0):
 PSYoungGen      total 216576K, used 211238K [0x00000000eab00000, 0x00000000f8e00000, 0x0000000100000000)
  eden space 200704K, 100% used [0x00000000eab00000,0x00000000f6f00000,0x00000000f6f00000)
  from space 15872K, 66% used [0x00000000f7e80000,0x00000000f88c9980,0x00000000f8e00000)
  to   space 15872K, 0% used [0x00000000f6f00000,0x00000000f6f00000,0x00000000f7e80000)
 ParOldGen       total 42496K, used 30183K [0x00000000c0000000, 0x00000000c2980000, 0x00000000eab00000)
  object space 42496K, 71% used [0x00000000c0000000,0x00000000c1d79dd0,0x00000000c2980000)
 Metaspace       used 8325K, capacity 8474K, committed 8576K, reserved 1056768K
  class space    used 791K, capacity 821K, committed 896K, reserved 1048576K
Event: 13.432 GC heap after
Heap after GC invocations=11 (full 0):
 PSYoungGen      total 216576K, used 12389K [0x00000000eab00000, 0x00000000f8e00000, 0x0000000100000000)
  eden space 200704K, 0% used [0x00000000eab00000,0x00000000eab00000,0x00000000f6f00000)
  from space 15872K, 78% used [0x00000000f6f00000,0x00000000f7b197b8,0x00000000f7e80000)
  to   space 15872K, 0% used [0x00000000f7e80000,0x00000000f7e80000,0x00000000f8e00000)
 ParOldGen       total 42496K, used 41557K [0x00000000c0000000, 0x00000000c2980000, 0x00000000eab00000)
  object space 42496K, 97% used [0x00000000c0000000,0x00000000c28955b0,0x00000000c2980000)
 Metaspace       used 8325K, capacity 8474K, committed 8576K, reserved 1056768K
  class space    used 791K, capacity 821K, committed 896K, reserved 1048576K
}
Event: 13.432 GC heap before
{Heap before GC invocations=12 (full 1):
 PSYoungGen      total 216576K, used 12389K [0x00000000eab00000, 0x00000000f8e00000, 0x0000000100000000)
  eden space 200704K, 0% used [0x00000000eab00000,0x00000000eab00000,0x00000000f6f00000)
  from space 15872K, 78% used [0x00000000f6f00000,0x00000000f7b197b8,0x00000000f7e80000)
  to   space 15872K, 0% used [0x00000000f7e80000,0x00000000f7e80000,0x00000000f8e00000)
 ParOldGen       total 42496K, used 41557K [0x00000000c0000000, 0x00000000c2980000, 0x00000000eab00000)
  object space 42496K, 97% used [0x00000000c0000000,0x00000000c28955b0,0x00000000c2980000)
 Metaspace       used 8325K, capacity 8474K, committed 8576K, reserved 1056768K
  class space    used 791K, capacity 821K, committed 896K, reserved 1048576K
Event: 13.564 GC heap after
Heap after GC invocations=12 (full 1):
 PSYoungGen      total 216576K, used 0K [0x00000000eab00000, 0x00000000f8e00000, 0x0000000100000000)
  eden space 200704K, 0% used [0x00000000eab00000,0x00000000eab00000,0x00000000f6f00000)
  from space 15872K, 0% used [0x00000000f6f00000,0x00000000f6f00000,0x00000000f7e80000)
  to   space 15872K, 0% used [0x00000000f7e80000,0x00000000f7e80000,0x00000000f8e00000)
 ParOldGen       total 65024K, used 30306K [0x00000000c0000000, 0x00000000c3f80000, 0x00000000eab00000)
  object space 65024K, 46% used [0x00000000c0000000,0x00000000c1d98a50,0x00000000c3f80000)
 Metaspace       used 8325K, capacity 8474K, committed 8576K, reserved 1056768K
  class space    used 791K, capacity 821K, committed 896K, reserved 1048576K
}

Deoptimization events (10 events):
Event: 12.756 Thread 0x0000000002d73800 Uncommon trap: reason=unstable_if action=reinterpret pc=0x000000000392495c method=java.util.HashMap$TreeNode.balanceInsertion(Ljava/util/HashMap$TreeNode;Ljava/util/HashMap$TreeNode;)Ljava/util/HashMap$TreeNode; @ 189
Event: 12.756 Thread 0x0000000002d73800 Uncommon trap: reason=unstable_if action=reinterpret pc=0x0000000003902e1c method=java.util.HashMap$TreeNode.balanceInsertion(Ljava/util/HashMap$TreeNode;Ljava/util/HashMap$TreeNode;)Ljava/util/HashMap$TreeNode; @ 189
Event: 12.977 Thread 0x0000000002d73800 Uncommon trap: reason=array_check action=maybe_recompile pc=0x000000000399d04c method=java.util.ComparableTimSort.binarySort([Ljava/lang/Object;III)V @ 183
Event: 14.081 Thread 0x0000000002d73800 Uncommon trap: reason=unstable_if action=reinterpret pc=0x000000000380f5c4 method=com.android.dex.Mutf8.decode(Lcom/android/dex/util/ByteInput;[C)Ljava/lang/String; @ 54
Event: 14.081 Thread 0x0000000002d73800 Uncommon trap: reason=unstable_if action=reinterpret pc=0x00000000038062e8 method=com.android.dex.Mutf8.countBytes(Ljava/lang/String;Z)J @ 50
Event: 14.081 Thread 0x0000000002d73800 Uncommon trap: reason=unstable_if action=reinterpret pc=0x00000000038190c8 method=com.android.dex.Mutf8.decode(Lcom/android/dex/util/ByteInput;[C)Ljava/lang/String; @ 54
Event: 14.081 Thread 0x0000000002d73800 Uncommon trap: reason=unstable_if action=reinterpret pc=0x000000000381b490 method=com.android.dex.Mutf8.countBytes(Ljava/lang/String;Z)J @ 50
Event: 14.083 Thread 0x0000000002d73800 Uncommon trap: reason=unstable_if action=reinterpret pc=0x00000000038248e0 method=com.android.dex.Mutf8.countBytes(Ljava/lang/String;Z)J @ 50
Event: 14.083 Thread 0x0000000002d73800 Uncommon trap: reason=unstable_if action=reinterpret pc=0x00000000037ac11c method=com.android.dex.Mutf8.countBytes(Ljava/lang/String;Z)J @ 50
Event: 14.084 Thread 0x0000000002d73800 Uncommon trap: reason=unstable_if action=reinterpret pc=0x00000000037a409c method=com.android.dex.Mutf8.encode([BILjava/lang/String;)V @ 24

Internal exceptions (7 events):
Event: 0.155 Thread 0x0000000002d73800 Exception <a 'java/lang/NoSuchMethodError': Method sun.misc.Unsafe.defineClass(Ljava/lang/String;[BII)Ljava/lang/Class; name or signature does not match> (0x00000000eab12f18) thrown at [C:\re\workspace\8-2-build-windows-amd64-cygwin\jdk8u45\3627\hotspot\srM«ª>ØàÃ?
Event: 0.155 Thread 0x0000000002d73800 Exception <a 'java/lang/NoSuchMethodError': Method sun.misc.Unsafe.prefetchRead(Ljava/lang/Object;J)V name or signature does not match> (0x00000000eab131a8) thrown at [C:\re\workspace\8-2-build-windows-amd64-cygwin\jdk8u45\3627\hotspot\src\share\vm\prims\jB¢Û²4l÷?
Event: 1.464 Thread 0x0000000016bfa000 Implicit null exception at 0x0000000003190022 to 0x0000000003190121
Event: 6.225 Thread 0x0000000002d73800 Exception <a 'java/security/PrivilegedActionException'> (0x00000000ec5e4d90) thrown at [C:\re\workspace\8-2-build-windows-amd64-cygwin\jdk8u45\3627\hotspot\src\share\vm\prims\jvm.cpp, line 1382]
Event: 6.225 Thread 0x0000000002d73800 Exception <a 'java/security/PrivilegedActionException'> (0x00000000ec5e50d8) thrown at [C:\re\workspace\8-2-build-windows-amd64-cygwin\jdk8u45\3627\hotspot\src\share\vm\prims\jvm.cpp, line 1382]
Event: 6.226 Thread 0x0000000002d73800 Exception <a 'java/security/PrivilegedActionException'> (0x00000000ec5e9190) thrown at [C:\re\workspace\8-2-build-windows-amd64-cygwin\jdk8u45\3627\hotspot\src\share\vm\prims\jvm.cpp, line 1382]
Event: 6.227 Thread 0x0000000002d73800 Exception <a 'java/security/PrivilegedActionException'> (0x00000000ec5e94d8) thrown at [C:\re\workspace\8-2-build-windows-amd64-cygwin\jdk8u45\3627\hotspot\src\share\vm\prims\jvm.cpp, line 1382]

Events (10 events):
Event: 14.148 Thread 0x0000000002d73800 DEOPT PACKING pc=0x00000000039d49b1 sp=0x0000000002d2f130
Event: 14.148 Thread 0x0000000002d73800 DEOPT UNPACKING pc=0x0000000002eb787f sp=0x0000000002d2ee90 mode 0
Event: 14.148 Thread 0x0000000002d73800 DEOPT PACKING pc=0x00000000039d49b1 sp=0x0000000002d2f130
Event: 14.148 Thread 0x0000000002d73800 DEOPT UNPACKING pc=0x0000000002eb787f sp=0x0000000002d2ee90 mode 0
Event: 14.149 Thread 0x0000000002d73800 DEOPT PACKING pc=0x00000000039d49b1 sp=0x0000000002d2f130
Event: 14.149 Thread 0x0000000002d73800 DEOPT UNPACKING pc=0x0000000002eb787f sp=0x0000000002d2ee90 mode 0
Event: 14.149 Thread 0x0000000002d73800 DEOPT PACKING pc=0x00000000039d49b1 sp=0x0000000002d2f130
Event: 14.149 Thread 0x0000000002d73800 DEOPT UNPACKING pc=0x0000000002eb787f sp=0x0000000002d2ee90 mode 0
Event: 14.150 Thread 0x0000000002d73800 DEOPT PACKING pc=0x00000000039d49b1 sp=0x0000000002d2f130
Event: 14.150 Thread 0x0000000002d73800 DEOPT UNPACKING pc=0x0000000002eb787f sp=0x0000000002d2ee90 mode 0


Dynamic libraries:
0x00007ff7866a0000 - 0x00007ff7866d7000 	C:\Program Files\Java\jdk1.8.0_45\bin\java.exe
0x00007ffb10db0000 - 0x00007ffb10f71000 	C:\WINDOWS\SYSTEM32\ntdll.dll
0x00007ffb0e530000 - 0x00007ffb0e5dd000 	C:\WINDOWS\system32\KERNEL32.DLL
0x00007ffb0dc50000 - 0x00007ffb0de2d000 	C:\WINDOWS\system32\KERNELBASE.dll
0x00007ffb0e700000 - 0x00007ffb0e7a6000 	C:\WINDOWS\system32\ADVAPI32.dll
0x00007ffb10740000 - 0x00007ffb107dd000 	C:\WINDOWS\system32\msvcrt.dll
0x00007ffb0e460000 - 0x00007ffb0e4bb000 	C:\WINDOWS\system32\sechost.dll
0x00007ffb0fce0000 - 0x00007ffb0fe06000 	C:\WINDOWS\system32\RPCRT4.dll
0x00007ffb0ff00000 - 0x00007ffb1004e000 	C:\WINDOWS\system32\USER32.dll
0x00007ffb10200000 - 0x00007ffb10386000 	C:\WINDOWS\system32\GDI32.dll
0x00007ffaf98d0000 - 0x00007ffaf9b44000 	C:\WINDOWS\WinSxS\amd64_microsoft.windows.common-controls_6595b64144ccf1df_6.0.10240.16384_none_f41f7b285750ef43\COMCTL32.dll
0x00007ffb0fe10000 - 0x00007ffb0fe46000 	C:\WINDOWS\system32\IMM32.DLL
0x00007ffb10400000 - 0x00007ffb1055c000 	C:\WINDOWS\system32\MSCTF.dll
0x0000000053000000 - 0x00000000530d2000 	C:\Program Files\Java\jdk1.8.0_45\jre\bin\msvcr100.dll
0x0000000053140000 - 0x00000000539c3000 	C:\Program Files\Java\jdk1.8.0_45\jre\bin\server\jvm.dll
0x00007ffb0e4c0000 - 0x00007ffb0e4c8000 	C:\WINDOWS\system32\PSAPI.DLL
0x00007ffb04390000 - 0x00007ffb04399000 	C:\WINDOWS\SYSTEM32\WSOCK32.dll
0x00007ffb10390000 - 0x00007ffb103f9000 	C:\WINDOWS\system32\WS2_32.dll
0x00007ffb10d80000 - 0x00007ffb10d88000 	C:\WINDOWS\system32\NSI.dll
0x00007ffb0b8a0000 - 0x00007ffb0b8c3000 	C:\WINDOWS\SYSTEM32\WINMM.dll
0x00007ffb05630000 - 0x00007ffb0563a000 	C:\WINDOWS\SYSTEM32\VERSION.dll
0x00007ffb0b790000 - 0x00007ffb0b7bc000 	C:\WINDOWS\SYSTEM32\WINMMBASE.dll
0x00007ffb0dba0000 - 0x00007ffb0dbe4000 	C:\WINDOWS\system32\cfgmgr32.dll
0x00007ffb0c090000 - 0x00007ffb0c0b7000 	C:\WINDOWS\SYSTEM32\DEVOBJ.dll
0x0000000054fb0000 - 0x0000000054fbf000 	C:\Program Files\Java\jdk1.8.0_45\jre\bin\verify.dll
0x0000000054f80000 - 0x0000000054fa9000 	C:\Program Files\Java\jdk1.8.0_45\jre\bin\java.dll
0x0000000054d30000 - 0x0000000054d46000 	C:\Program Files\Java\jdk1.8.0_45\jre\bin\zip.dll
0x00007ffb0e7b0000 - 0x00007ffb0fcd2000 	C:\WINDOWS\system32\SHELL32.dll
0x00007ffb0de30000 - 0x00007ffb0e458000 	C:\WINDOWS\system32\windows.storage.dll
0x00007ffb108c0000 - 0x00007ffb10b3c000 	C:\WINDOWS\system32\combase.dll
0x00007ffb0e5e0000 - 0x00007ffb0e631000 	C:\WINDOWS\system32\shlwapi.dll
0x00007ffb0d7c0000 - 0x00007ffb0d7cf000 	C:\WINDOWS\system32\kernel.appcore.dll
0x00007ffb0d860000 - 0x00007ffb0d913000 	C:\WINDOWS\system32\shcore.dll
0x00007ffb0d7d0000 - 0x00007ffb0d81a000 	C:\WINDOWS\system32\powrprof.dll
0x00007ffb0d820000 - 0x00007ffb0d833000 	C:\WINDOWS\system32\profapi.dll
0x00007ffb04070000 - 0x00007ffb041fa000 	C:\WINDOWS\SYSTEM32\dbghelp.dll

VM Arguments:
jvm_args: -Xmx1024M -Dfile.encoding=x-windows-949 -Duser.country=KR -Duser.language=ko -Duser.variant 
java_command: com.android.dx.command.Main --dex --num-threads=4 --output C:\Users\ICo\Documents\GitHub\IoTUmbrella_Friendly\app\build\intermediates\dex\debug C:\Users\ICo\Documents\GitHub\IoTUmbrella_Friendly\app\build\intermediates\classes\debug C:\Users\ICo\Documents\GitHub\IoTUmbrella_Friendly\app\build\intermediates\pre-dexed\debug\support-annotations-23.0.1-ba1ecd3015b61294a217da8705790d48ee3da42f.jar C:\Users\ICo\Documents\GitHub\IoTUmbrella_Friendly\app\build\intermediates\pre-dexed\debug\classes-b621923aa99d4436f2325f1708babda646965b3c.jar C:\Users\ICo\Documents\GitHub\IoTUmbrella_Friendly\app\build\intermediates\pre-dexed\debug\internal_impl-22.2.0-a6d0d939da8efb3999e1f6532ea1417b415ba9cd.jar C:\Users\ICo\Documents\GitHub\IoTUmbrella_Friendly\app\build\intermediates\pre-dexed\debug\classes-82f4680ef6616f2ab146b153d02bbf31f1a0223f.jar C:\Users\ICo\Documents\GitHub\IoTUmbrella_Friendly\app\build\intermediates\pre-dexed\debug\classes-404d31c9944154b9a49442a02b028ce8bb51bcd1.jar C:\Users\ICo\Documents\GitHub\IoTUmbrella_Friendly\app\build\intermediates\pre-dexed\debug\classes-d3fdae15969f52f53165510b9fceb117bbebd386.jar C:\Users\ICo\Documents\GitHub\IoTUmbrella_Friendly\app\build\intermediates\pre-dexed\debug\classes-6b3747e6fde7542f91cc7b633a1cb2e64862614d.jar C:\Users\ICo\Documents\GitHub\IoTUmbrella_Friendly\app\build\intermediates\pre-dexed\debug\classes-5716a28fd61294821045e794f31bca277fafe9e5.jar C:\Users\ICo\Documents\GitHub\IoTUmbrella_Friendly\app\build\intermediates\pre-dexed\debug\classes-73f4b2f626f65165026ba8eb52f0e339ed5f02aa.jar C:\Users\ICo\Documents\GitHub\IoTUmbrella_Friendly\app\build\intermediates\pre-dexed\debug\classes-6440b041480cc582f48e60e813d5fb83193c8c4e.jar C:\Users\ICo\Documents\GitHub\IoTUmbrella_Friendly\app\build\intermediates\pre-dexed\debug\classes-c20fab7022e706cc31809cc40c1ae5c47b361b0e.jar C:\Users\ICo\Documents\GitHub\IoTUmbrella_Friendly\app\build\intermediates\pre-dexed\debug\android-async-http-1.4.6-4fcd0b31ea041d9f9a0
java_class_path (initial): C:\Users\ICo\AppData\Local\Android\sdk\build-tools\23.0.1\lib\dx.jar
Launcher Type: SUN_STANDARD

Environment Variables:
PATH=C:\app\ICo\product\12.1.0\dbhome_1\bin;C:\Program Files (x86)\Wizvera\Delfino;C:\ProgramData\Oracle\Java\javapath;C:\Program Files (x86)\Intel\iCLS Client\;C:\Program Files\Intel\iCLS Client\;C:\Program Files\Common Files\Microsoft Shared\Windows Live;C:\Program Files (x86)\Common Files\Microsoft Shared\Windows Live;C:\WINDOWS\system32;C:\WINDOWS;C:\WINDOWS\System32\Wbem;C:\WINDOWS\System32\WindowsPowerShell\v1.0\;C:\Program Files (x86)\Windows Live\Shared;C:\Program Files\Intel\Intel(R) Management Engine Components\DAL;C:\Program Files\Intel\Intel(R) Management Engine Components\IPT;C:\Program Files (x86)\Intel\Intel(R) Management Engine Components\DAL;C:\Program Files (x86)\Intel\Intel(R) Management Engine Components\IPT;C:\Program Files (x86)\Intel\OpenCL SDK\2.0\bin\x86;C:\Program Files (x86)\Intel\OpenCL SDK\2.0\bin\x64;C:\Program Files\Intel\WiFi\bin\;C:\Program Files\Common Files\Intel\WirelessCommon\;C:\Program Files\Microsoft\Web Platform Installer\;C:\Program Files (x86)\Microsoft ASP.NET\ASP.NET Web Pages\v1.0\;C:\Program Files\Microsoft SQL Server\110\Tools\Binn\;C:\Program Files\nodejs\;C:\Users\ICo\AppData\Roaming\npm
USERNAME=ICo
OS=Windows_NT
PROCESSOR_IDENTIFIER=Intel64 Family 6 Model 58 Stepping 9, GenuineIntel



---------------  S Y S T E M  ---------------

OS: Windows 10.0 , 64 bit Build 10240 (10.0.10240.16384)

CPU:total 4 (2 cores per cpu, 2 threads per core) family 6 model 58 stepping 9, cmov, cx8, fxsr, mmx, sse, sse2, sse3, ssse3, sse4.1, sse4.2, popcnt, avx, aes, clmul, erms, ht, tsc, tscinvbit, tscinv

Memory: 4k page, physical 4052296k(300196k free), swap 8027092k(6508k free)

vm_info: Java HotSpot(TM) 64-Bit Server VM (25.45-b02) for windows-amd64 JRE (1.8.0_45-b15), built on Apr 30 2015 12:40:44 by "java_re" with MS VC++ 10.0 (VS2010)

time: Sat Nov 21 21:52:00 2015
elapsed time: 14 seconds (0d 0h 0m 14s)

